Watching for file changes with StatReloader
C:\Users\user\Documents\GitHub\comicsite\selim_site\ssite\xsite\models.py changed, reloading.
Watching for file changes with StatReloader
General error for user safa: 'Product' object has no attribute 'discounted_price'
User safa library query returned 0 products
General error for user safa: 'Product' object has no attribute 'discounted_price'
User safa library query returned 0 products
Total price calculated: 26.00 for user safa
No payment method provided for user safa
User safa library query returned 0 products
User safa library query returned 0 products
Total price calculated: 26.00 for user safa
No payment method provided for user safa
User safa library query returned 0 products
C:\Users\user\Documents\GitHub\comicsite\selim_site\ssite\xsite\context_processors.py changed, reloading.
Watching for file changes with StatReloader
C:\Users\user\Documents\GitHub\comicsite\selim_site\ssite\ssite\settings.py changed, reloading.
Watching for file changes with StatReloader
C:\Users\user\Documents\GitHub\comicsite\selim_site\ssite\ssite\settings.py changed, reloading.
Watching for file changes with StatReloader
C:\Users\user\Documents\GitHub\comicsite\selim_site\ssite\xsite\views.py changed, reloading.
Watching for file changes with StatReloader
C:\Users\user\Documents\GitHub\comicsite\selim_site\ssite\ssite\views.py changed, reloading.
Watching for file changes with StatReloader
C:\Users\user\Documents\GitHub\comicsite\selim_site\ssite\ssite\views.py changed, reloading.
Watching for file changes with StatReloader
C:\Users\user\Documents\GitHub\comicsite\selim_site\ssite\xsite\views.py changed, reloading.
Watching for file changes with StatReloader
Watching for file changes with StatReloader
Internal Server Error: /cartd/
Traceback (most recent call last):
  File "C:\Users\user\Documents\GitHub\comicsite\selim_site\myvenv\Lib\site-packages\django\core\handlers\exception.py", line 55, in inner
    response = get_response(request)
               ^^^^^^^^^^^^^^^^^^^^^
  File "C:\Users\user\Documents\GitHub\comicsite\selim_site\myvenv\Lib\site-packages\django\core\handlers\base.py", line 197, in _get_response
    response = wrapped_callback(request, *callback_args, **callback_kwargs)
               ^^^^^^^^^^^^^^^^^^^^^^^^^^^^^^^^^^^^^^^^^^^^^^^^^^^^^^^^^^^^
  File "C:\Users\user\Documents\GitHub\comicsite\selim_site\myvenv\Lib\site-packages\django\contrib\auth\decorators.py", line 60, in _view_wrapper
    return view_func(request, *args, **kwargs)
           ^^^^^^^^^^^^^^^^^^^^^^^^^^^^^^^^^^^
  File "C:\Users\user\Documents\GitHub\comicsite\selim_site\ssite\ssite\views.py", line 195, in cart_detail
    return render(request, 'xsite/cart_detail.html', {'cart': cart})
           ^^^^^^^^^^^^^^^^^^^^^^^^^^^^^^^^^^^^^^^^^^^^^^^^^^^^^^^^^
  File "C:\Users\user\Documents\GitHub\comicsite\selim_site\myvenv\Lib\site-packages\django\shortcuts.py", line 25, in render
    content = loader.render_to_string(template_name, context, request, using=using)
              ^^^^^^^^^^^^^^^^^^^^^^^^^^^^^^^^^^^^^^^^^^^^^^^^^^^^^^^^^^^^^^^^^^^^^
  File "C:\Users\user\Documents\GitHub\comicsite\selim_site\myvenv\Lib\site-packages\django\template\loader.py", line 62, in render_to_string
    return template.render(context, request)
           ^^^^^^^^^^^^^^^^^^^^^^^^^^^^^^^^^
  File "C:\Users\user\Documents\GitHub\comicsite\selim_site\myvenv\Lib\site-packages\django\template\backends\django.py", line 107, in render
    return self.template.render(context)
           ^^^^^^^^^^^^^^^^^^^^^^^^^^^^^
  File "C:\Users\user\Documents\GitHub\comicsite\selim_site\myvenv\Lib\site-packages\django\template\base.py", line 169, in render
    with context.bind_template(self):
  File "C:\Users\user\AppData\Local\Programs\Python\Python312\Lib\contextlib.py", line 137, in __enter__
    return next(self.gen)
           ^^^^^^^^^^^^^^
  File "C:\Users\user\Documents\GitHub\comicsite\selim_site\myvenv\Lib\site-packages\django\template\context.py", line 253, in bind_template
    processors = template.engine.template_context_processors + self._processors
                 ^^^^^^^^^^^^^^^^^^^^^^^^^^^^^^^^^^^^^^^^^^^
  File "C:\Users\user\Documents\GitHub\comicsite\selim_site\myvenv\Lib\site-packages\django\utils\functional.py", line 47, in __get__
    res = instance.__dict__[self.name] = self.func(instance)
                                         ^^^^^^^^^^^^^^^^^^^
  File "C:\Users\user\Documents\GitHub\comicsite\selim_site\myvenv\Lib\site-packages\django\template\engine.py", line 118, in template_context_processors
    return tuple(import_string(path) for path in context_processors)
           ^^^^^^^^^^^^^^^^^^^^^^^^^^^^^^^^^^^^^^^^^^^^^^^^^^^^^^^^^
  File "C:\Users\user\Documents\GitHub\comicsite\selim_site\myvenv\Lib\site-packages\django\template\engine.py", line 118, in <genexpr>
    return tuple(import_string(path) for path in context_processors)
                 ^^^^^^^^^^^^^^^^^^^
  File "C:\Users\user\Documents\GitHub\comicsite\selim_site\myvenv\Lib\site-packages\django\utils\module_loading.py", line 30, in import_string
    return cached_import(module_path, class_name)
           ^^^^^^^^^^^^^^^^^^^^^^^^^^^^^^^^^^^^^^
  File "C:\Users\user\Documents\GitHub\comicsite\selim_site\myvenv\Lib\site-packages\django\utils\module_loading.py", line 15, in cached_import
    module = import_module(module_path)
             ^^^^^^^^^^^^^^^^^^^^^^^^^^
  File "C:\Users\user\AppData\Local\Programs\Python\Python312\Lib\importlib\__init__.py", line 90, in import_module
    return _bootstrap._gcd_import(name[level:], package, level)
           ^^^^^^^^^^^^^^^^^^^^^^^^^^^^^^^^^^^^^^^^^^^^^^^^^^^^
  File "<frozen importlib._bootstrap>", line 1387, in _gcd_import
  File "<frozen importlib._bootstrap>", line 1360, in _find_and_load
  File "<frozen importlib._bootstrap>", line 1324, in _find_and_load_unlocked
ModuleNotFoundError: No module named 'ssite.context_processors'
C:\Users\user\Documents\GitHub\comicsite\selim_site\ssite\ssite\settings.py changed, reloading.
Watching for file changes with StatReloader
Total price calculated: 26.00 for user safa
No payment method provided for user safa
User safa library query returned 0 products
User safa library query returned 0 products
User safa library query returned 0 products
User safa library query returned 0 products
Total price calculated: 26.00 for user safa
No payment method provided for user safa
User safa library query returned 0 products
Watching for file changes with StatReloader
C:\Users\user\Documents\GitHub\comicsite\selim_site\ssite\xsite\views.py changed, reloading.
Watching for file changes with StatReloader
C:\Users\user\Documents\GitHub\comicsite\selim_site\ssite\xsite\views.py changed, reloading.
Watching for file changes with StatReloader
C:\Users\user\Documents\GitHub\comicsite\selim_site\ssite\xsite\views.py changed, reloading.
Watching for file changes with StatReloader
C:\Users\user\Documents\GitHub\comicsite\selim_site\ssite\xsite\views.py changed, reloading.
Watching for file changes with StatReloader
C:\Users\user\Documents\GitHub\comicsite\selim_site\ssite\xsite\views.py changed, reloading.
Watching for file changes with StatReloader
C:\Users\user\Documents\GitHub\comicsite\selim_site\ssite\xsite\models.py changed, reloading.
Watching for file changes with StatReloader
Watching for file changes with StatReloader
C:\Users\user\Documents\GitHub\comicsite\selim_site\ssite\xsite\context_processors.py changed, reloading.
Watching for file changes with StatReloader
C:\Users\user\Documents\GitHub\comicsite\selim_site\ssite\xsite\views.py changed, reloading.
Watching for file changes with StatReloader
C:\Users\user\Documents\GitHub\comicsite\selim_site\ssite\xsite\views.py changed, reloading.
Watching for file changes with StatReloader
C:\Users\user\Documents\GitHub\comicsite\selim_site\ssite\ssite\settings.py changed, reloading.
Watching for file changes with StatReloader
C:\Users\user\Documents\GitHub\comicsite\selim_site\ssite\xsite\views.py changed, reloading.
Watching for file changes with StatReloader
C:\Users\user\Documents\GitHub\comicsite\selim_site\ssite\xsite\views.py changed, reloading.
Watching for file changes with StatReloader
Watching for file changes with StatReloader
Watching for file changes with StatReloader
Watching for file changes with StatReloader
User safaselim library query returned 0 products
Watching for file changes with StatReloader
Forbidden (CSRF token from POST incorrect.): /admin/xsite/product/add/
Importing BlpImagePlugin
Importing BmpImagePlugin
Importing BufrStubImagePlugin
Importing CurImagePlugin
Importing DcxImagePlugin
Importing DdsImagePlugin
Importing EpsImagePlugin
Importing FitsImagePlugin
Importing FliImagePlugin
Importing FpxImagePlugin
Image: failed to import FpxImagePlugin: No module named 'olefile'
Importing FtexImagePlugin
Importing BlpImagePlugin
Importing GbrImagePlugin
Importing BmpImagePlugin
Importing BufrStubImagePlugin
Importing CurImagePlugin
Importing DcxImagePlugin
Importing DdsImagePlugin
Importing EpsImagePlugin
Importing GifImagePlugin
Importing FitsImagePlugin
Importing GribStubImagePlugin
Importing FliImagePlugin
Importing FpxImagePlugin
Importing Hdf5StubImagePlugin
Image: failed to import FpxImagePlugin: No module named 'olefile'
Importing IcnsImagePlugin
Importing FtexImagePlugin
Importing GbrImagePlugin
Importing GifImagePlugin
Importing GribStubImagePlugin
Importing Hdf5StubImagePlugin
Importing IcnsImagePlugin
Importing IcoImagePlugin
Importing IcoImagePlugin
Importing ImImagePlugin
Importing ImImagePlugin
Importing ImtImagePlugin
Importing ImtImagePlugin
Importing IptcImagePlugin
Importing IptcImagePlugin
Importing JpegImagePlugin
Importing JpegImagePlugin
Importing Jpeg2KImagePlugin
Importing Jpeg2KImagePlugin
Importing McIdasImagePlugin
Importing McIdasImagePlugin
Importing MicImagePlugin
Importing MicImagePlugin
Image: failed to import MicImagePlugin: No module named 'olefile'
Importing MpegImagePlugin
Importing MpoImagePlugin
Image: failed to import MicImagePlugin: No module named 'olefile'
Importing MpegImagePlugin
Importing MpoImagePlugin
Importing MspImagePlugin
Importing MspImagePlugin
Importing PalmImagePlugin
Importing PalmImagePlugin
Importing PcdImagePlugin
Importing PcdImagePlugin
Importing PcxImagePlugin
Importing PcxImagePlugin
Importing PdfImagePlugin
Importing PdfImagePlugin
Importing PixarImagePlugin
Importing PixarImagePlugin
Importing PngImagePlugin
Importing PngImagePlugin
Importing PpmImagePlugin
Importing PpmImagePlugin
Importing PsdImagePlugin
Importing PsdImagePlugin
Importing QoiImagePlugin
Importing QoiImagePlugin
Importing SgiImagePlugin
Importing SgiImagePlugin
Importing SpiderImagePlugin
Importing SpiderImagePlugin
Importing SunImagePlugin
Importing SunImagePlugin
Importing TgaImagePlugin
Importing TgaImagePlugin
Importing TiffImagePlugin
Importing TiffImagePlugin
Importing WebPImagePlugin
Importing WebPImagePlugin
Importing WmfImagePlugin
Importing WmfImagePlugin
Importing XbmImagePlugin
Importing XbmImagePlugin
Importing XpmImagePlugin
Importing XpmImagePlugin
Importing XVThumbImagePlugin
Importing XVThumbImagePlugin
Watching for file changes with StatReloader
Not Found: /favicon.ico
Total price calculated: 100.00 for user admin1
No payment method provided for user admin1
C:\Users\user\Documents\GitHub\comicsite\selim_site\ssite\xsite\views.py changed, reloading.
Watching for file changes with StatReloader
C:\Users\user\Documents\GitHub\comicsite\selim_site\ssite\xsite\views.py changed, reloading.
Watching for file changes with StatReloader
C:\Users\user\Documents\GitHub\comicsite\selim_site\ssite\xsite\views.py changed, reloading.
Watching for file changes with StatReloader
C:\Users\user\Documents\GitHub\comicsite\selim_site\ssite\xsite\views.py changed, reloading.
Watching for file changes with StatReloader
C:\Users\user\Documents\GitHub\comicsite\selim_site\ssite\xsite\views.py changed, reloading.
Watching for file changes with StatReloader
C:\Users\user\Documents\GitHub\comicsite\selim_site\ssite\xsite\views.py changed, reloading.
Watching for file changes with StatReloader
C:\Users\user\Documents\GitHub\comicsite\selim_site\ssite\xsite\views.py changed, reloading.
Watching for file changes with StatReloader
C:\Users\user\Documents\GitHub\comicsite\selim_site\ssite\xsite\views.py changed, reloading.
Watching for file changes with StatReloader
C:\Users\user\Documents\GitHub\comicsite\selim_site\ssite\xsite\views.py changed, reloading.
Watching for file changes with StatReloader
C:\Users\user\Documents\GitHub\comicsite\selim_site\ssite\xsite\views.py changed, reloading.
Watching for file changes with StatReloader
C:\Users\user\Documents\GitHub\comicsite\selim_site\ssite\xsite\views.py changed, reloading.
Watching for file changes with StatReloader
C:\Users\user\Documents\GitHub\comicsite\selim_site\ssite\xsite\views.py changed, reloading.
Watching for file changes with StatReloader
C:\Users\user\Documents\GitHub\comicsite\selim_site\ssite\xsite\views.py changed, reloading.
Watching for file changes with StatReloader
C:\Users\user\Documents\GitHub\comicsite\selim_site\ssite\xsite\views.py changed, reloading.
Watching for file changes with StatReloader
C:\Users\user\Documents\GitHub\comicsite\selim_site\ssite\xsite\views.py changed, reloading.
Watching for file changes with StatReloader
C:\Users\user\Documents\GitHub\comicsite\selim_site\ssite\xsite\views.py changed, reloading.
Watching for file changes with StatReloader
Watching for file changes with StatReloader
C:\Users\user\Documents\GitHub\comicsite\selim_site\ssite\xsite\views.py changed, reloading.
Watching for file changes with StatReloader
Internal Server Error: /cartd/
Traceback (most recent call last):
  File "C:\Users\user\Documents\GitHub\comicsite\selim_site\myvenv\Lib\site-packages\django\core\handlers\exception.py", line 55, in inner
    response = get_response(request)
               ^^^^^^^^^^^^^^^^^^^^^
  File "C:\Users\user\Documents\GitHub\comicsite\selim_site\myvenv\Lib\site-packages\django\core\handlers\base.py", line 197, in _get_response
    response = wrapped_callback(request, *callback_args, **callback_kwargs)
               ^^^^^^^^^^^^^^^^^^^^^^^^^^^^^^^^^^^^^^^^^^^^^^^^^^^^^^^^^^^^
  File "C:\Users\user\Documents\GitHub\comicsite\selim_site\myvenv\Lib\site-packages\django\contrib\auth\decorators.py", line 60, in _view_wrapper
    return view_func(request, *args, **kwargs)
           ^^^^^^^^^^^^^^^^^^^^^^^^^^^^^^^^^^^
  File "C:\Users\user\Documents\GitHub\comicsite\selim_site\ssite\ssite\views.py", line 195, in cart_detail
    return render(request, 'xsite/cart_detail.html', {'cart': cart})
           ^^^^^^^^^^^^^^^^^^^^^^^^^^^^^^^^^^^^^^^^^^^^^^^^^^^^^^^^^
  File "C:\Users\user\Documents\GitHub\comicsite\selim_site\myvenv\Lib\site-packages\django\shortcuts.py", line 25, in render
    content = loader.render_to_string(template_name, context, request, using=using)
              ^^^^^^^^^^^^^^^^^^^^^^^^^^^^^^^^^^^^^^^^^^^^^^^^^^^^^^^^^^^^^^^^^^^^^
  File "C:\Users\user\Documents\GitHub\comicsite\selim_site\myvenv\Lib\site-packages\django\template\loader.py", line 62, in render_to_string
    return template.render(context, request)
           ^^^^^^^^^^^^^^^^^^^^^^^^^^^^^^^^^
  File "C:\Users\user\Documents\GitHub\comicsite\selim_site\myvenv\Lib\site-packages\django\template\backends\django.py", line 107, in render
    return self.template.render(context)
           ^^^^^^^^^^^^^^^^^^^^^^^^^^^^^
  File "C:\Users\user\Documents\GitHub\comicsite\selim_site\myvenv\Lib\site-packages\django\template\base.py", line 171, in render
    return self._render(context)
           ^^^^^^^^^^^^^^^^^^^^^
  File "C:\Users\user\Documents\GitHub\comicsite\selim_site\myvenv\Lib\site-packages\django\template\base.py", line 163, in _render
    return self.nodelist.render(context)
           ^^^^^^^^^^^^^^^^^^^^^^^^^^^^^
  File "C:\Users\user\Documents\GitHub\comicsite\selim_site\myvenv\Lib\site-packages\django\template\base.py", line 1008, in render
    return SafeString("".join([node.render_annotated(context) for node in self]))
                               ^^^^^^^^^^^^^^^^^^^^^^^^^^^^^^
  File "C:\Users\user\Documents\GitHub\comicsite\selim_site\myvenv\Lib\site-packages\django\template\base.py", line 969, in render_annotated
    return self.render(context)
           ^^^^^^^^^^^^^^^^^^^^
  File "C:\Users\user\Documents\GitHub\comicsite\selim_site\myvenv\Lib\site-packages\django\template\defaulttags.py", line 480, in render
    url = reverse(view_name, args=args, kwargs=kwargs, current_app=current_app)
          ^^^^^^^^^^^^^^^^^^^^^^^^^^^^^^^^^^^^^^^^^^^^^^^^^^^^^^^^^^^^^^^^^^^^^
  File "C:\Users\user\Documents\GitHub\comicsite\selim_site\myvenv\Lib\site-packages\django\urls\base.py", line 88, in reverse
    return resolver._reverse_with_prefix(view, prefix, *args, **kwargs)
           ^^^^^^^^^^^^^^^^^^^^^^^^^^^^^^^^^^^^^^^^^^^^^^^^^^^^^^^^^^^^
  File "C:\Users\user\Documents\GitHub\comicsite\selim_site\myvenv\Lib\site-packages\django\urls\resolvers.py", line 831, in _reverse_with_prefix
    raise NoReverseMatch(msg)
django.urls.exceptions.NoReverseMatch: Reverse for 'order_checkout' not found. 'order_checkout' is not a valid view function or pattern name.
Importing BlpImagePlugin
Importing BmpImagePlugin
Importing BufrStubImagePlugin
Importing CurImagePlugin
Importing DcxImagePlugin
Importing DdsImagePlugin
Importing EpsImagePlugin
Importing FitsImagePlugin
Importing FliImagePlugin
Importing FpxImagePlugin
Image: failed to import FpxImagePlugin: No module named 'olefile'
Importing FtexImagePlugin
Importing GbrImagePlugin
Importing GifImagePlugin
Importing GribStubImagePlugin
Importing Hdf5StubImagePlugin
Importing IcnsImagePlugin
Importing IcoImagePlugin
Importing ImImagePlugin
Importing ImtImagePlugin
Importing IptcImagePlugin
Importing JpegImagePlugin
Importing Jpeg2KImagePlugin
Importing McIdasImagePlugin
Importing MicImagePlugin
Image: failed to import MicImagePlugin: No module named 'olefile'
Importing MpegImagePlugin
Importing MpoImagePlugin
Importing MspImagePlugin
Importing PalmImagePlugin
Importing PcdImagePlugin
Importing PcxImagePlugin
Importing PdfImagePlugin
Importing PixarImagePlugin
Importing PngImagePlugin
Importing PpmImagePlugin
Importing PsdImagePlugin
Importing QoiImagePlugin
Importing SgiImagePlugin
Importing SpiderImagePlugin
Importing SunImagePlugin
Importing TgaImagePlugin
Importing TiffImagePlugin
Importing WebPImagePlugin
Importing WmfImagePlugin
Importing XbmImagePlugin
Importing XpmImagePlugin
Importing XVThumbImagePlugin
Internal Server Error: /cartd/
Traceback (most recent call last):
  File "C:\Users\user\Documents\GitHub\comicsite\selim_site\myvenv\Lib\site-packages\django\core\handlers\exception.py", line 55, in inner
    response = get_response(request)
               ^^^^^^^^^^^^^^^^^^^^^
  File "C:\Users\user\Documents\GitHub\comicsite\selim_site\myvenv\Lib\site-packages\django\core\handlers\base.py", line 197, in _get_response
    response = wrapped_callback(request, *callback_args, **callback_kwargs)
               ^^^^^^^^^^^^^^^^^^^^^^^^^^^^^^^^^^^^^^^^^^^^^^^^^^^^^^^^^^^^
  File "C:\Users\user\Documents\GitHub\comicsite\selim_site\myvenv\Lib\site-packages\django\contrib\auth\decorators.py", line 60, in _view_wrapper
    return view_func(request, *args, **kwargs)
           ^^^^^^^^^^^^^^^^^^^^^^^^^^^^^^^^^^^
  File "C:\Users\user\Documents\GitHub\comicsite\selim_site\ssite\ssite\views.py", line 195, in cart_detail
    return render(request, 'xsite/cart_detail.html', {'cart': cart})
           ^^^^^^^^^^^^^^^^^^^^^^^^^^^^^^^^^^^^^^^^^^^^^^^^^^^^^^^^^
  File "C:\Users\user\Documents\GitHub\comicsite\selim_site\myvenv\Lib\site-packages\django\shortcuts.py", line 25, in render
    content = loader.render_to_string(template_name, context, request, using=using)
              ^^^^^^^^^^^^^^^^^^^^^^^^^^^^^^^^^^^^^^^^^^^^^^^^^^^^^^^^^^^^^^^^^^^^^
  File "C:\Users\user\Documents\GitHub\comicsite\selim_site\myvenv\Lib\site-packages\django\template\loader.py", line 62, in render_to_string
    return template.render(context, request)
           ^^^^^^^^^^^^^^^^^^^^^^^^^^^^^^^^^
  File "C:\Users\user\Documents\GitHub\comicsite\selim_site\myvenv\Lib\site-packages\django\template\backends\django.py", line 107, in render
    return self.template.render(context)
           ^^^^^^^^^^^^^^^^^^^^^^^^^^^^^
  File "C:\Users\user\Documents\GitHub\comicsite\selim_site\myvenv\Lib\site-packages\django\template\base.py", line 171, in render
    return self._render(context)
           ^^^^^^^^^^^^^^^^^^^^^
  File "C:\Users\user\Documents\GitHub\comicsite\selim_site\myvenv\Lib\site-packages\django\template\base.py", line 163, in _render
    return self.nodelist.render(context)
           ^^^^^^^^^^^^^^^^^^^^^^^^^^^^^
  File "C:\Users\user\Documents\GitHub\comicsite\selim_site\myvenv\Lib\site-packages\django\template\base.py", line 1008, in render
    return SafeString("".join([node.render_annotated(context) for node in self]))
                               ^^^^^^^^^^^^^^^^^^^^^^^^^^^^^^
  File "C:\Users\user\Documents\GitHub\comicsite\selim_site\myvenv\Lib\site-packages\django\template\base.py", line 969, in render_annotated
    return self.render(context)
           ^^^^^^^^^^^^^^^^^^^^
  File "C:\Users\user\Documents\GitHub\comicsite\selim_site\myvenv\Lib\site-packages\django\template\defaulttags.py", line 480, in render
    url = reverse(view_name, args=args, kwargs=kwargs, current_app=current_app)
          ^^^^^^^^^^^^^^^^^^^^^^^^^^^^^^^^^^^^^^^^^^^^^^^^^^^^^^^^^^^^^^^^^^^^^
  File "C:\Users\user\Documents\GitHub\comicsite\selim_site\myvenv\Lib\site-packages\django\urls\base.py", line 88, in reverse
    return resolver._reverse_with_prefix(view, prefix, *args, **kwargs)
           ^^^^^^^^^^^^^^^^^^^^^^^^^^^^^^^^^^^^^^^^^^^^^^^^^^^^^^^^^^^^
  File "C:\Users\user\Documents\GitHub\comicsite\selim_site\myvenv\Lib\site-packages\django\urls\resolvers.py", line 831, in _reverse_with_prefix
    raise NoReverseMatch(msg)
django.urls.exceptions.NoReverseMatch: Reverse for 'order_checkout' not found. 'order_checkout' is not a valid view function or pattern name.
C:\Users\user\Documents\GitHub\comicsite\selim_site\ssite\xsite\urls.py changed, reloading.
Watching for file changes with StatReloader
C:\Users\user\Documents\GitHub\comicsite\selim_site\ssite\xsite\views.py changed, reloading.
Watching for file changes with StatReloader
C:\Users\user\Documents\GitHub\comicsite\selim_site\ssite\xsite\views.py changed, reloading.
Watching for file changes with StatReloader
C:\Users\user\Documents\GitHub\comicsite\selim_site\ssite\xsite\views.py changed, reloading.
Watching for file changes with StatReloader
C:\Users\user\Documents\GitHub\comicsite\selim_site\ssite\xsite\views.py changed, reloading.
Watching for file changes with StatReloader
C:\Users\user\Documents\GitHub\comicsite\selim_site\ssite\xsite\views.py changed, reloading.
Watching for file changes with StatReloader
C:\Users\user\Documents\GitHub\comicsite\selim_site\ssite\xsite\views.py changed, reloading.
Watching for file changes with StatReloader
C:\Users\user\Documents\GitHub\comicsite\selim_site\ssite\xsite\views.py changed, reloading.
Watching for file changes with StatReloader
C:\Users\user\Documents\GitHub\comicsite\selim_site\ssite\xsite\views.py changed, reloading.
Watching for file changes with StatReloader
Internal Server Error: /cartd/
Traceback (most recent call last):
  File "C:\Users\user\Documents\GitHub\comicsite\selim_site\myvenv\Lib\site-packages\django\core\handlers\exception.py", line 55, in inner
    response = get_response(request)
               ^^^^^^^^^^^^^^^^^^^^^
  File "C:\Users\user\Documents\GitHub\comicsite\selim_site\myvenv\Lib\site-packages\django\core\handlers\base.py", line 197, in _get_response
    response = wrapped_callback(request, *callback_args, **callback_kwargs)
               ^^^^^^^^^^^^^^^^^^^^^^^^^^^^^^^^^^^^^^^^^^^^^^^^^^^^^^^^^^^^
  File "C:\Users\user\Documents\GitHub\comicsite\selim_site\myvenv\Lib\site-packages\django\contrib\auth\decorators.py", line 60, in _view_wrapper
    return view_func(request, *args, **kwargs)
           ^^^^^^^^^^^^^^^^^^^^^^^^^^^^^^^^^^^
  File "C:\Users\user\Documents\GitHub\comicsite\selim_site\ssite\ssite\views.py", line 195, in cart_detail
    return render(request, 'xsite/cart_detail.html', {'cart': cart})
           ^^^^^^^^^^^^^^^^^^^^^^^^^^^^^^^^^^^^^^^^^^^^^^^^^^^^^^^^^
  File "C:\Users\user\Documents\GitHub\comicsite\selim_site\myvenv\Lib\site-packages\django\shortcuts.py", line 25, in render
    content = loader.render_to_string(template_name, context, request, using=using)
              ^^^^^^^^^^^^^^^^^^^^^^^^^^^^^^^^^^^^^^^^^^^^^^^^^^^^^^^^^^^^^^^^^^^^^
  File "C:\Users\user\Documents\GitHub\comicsite\selim_site\myvenv\Lib\site-packages\django\template\loader.py", line 61, in render_to_string
    template = get_template(template_name, using=using)
               ^^^^^^^^^^^^^^^^^^^^^^^^^^^^^^^^^^^^^^^^
  File "C:\Users\user\Documents\GitHub\comicsite\selim_site\myvenv\Lib\site-packages\django\template\loader.py", line 15, in get_template
    return engine.get_template(template_name)
           ^^^^^^^^^^^^^^^^^^^^^^^^^^^^^^^^^^
  File "C:\Users\user\Documents\GitHub\comicsite\selim_site\myvenv\Lib\site-packages\django\template\backends\django.py", line 79, in get_template
    return Template(self.engine.get_template(template_name), self)
                    ^^^^^^^^^^^^^^^^^^^^^^^^^^^^^^^^^^^^^^^
  File "C:\Users\user\Documents\GitHub\comicsite\selim_site\myvenv\Lib\site-packages\django\template\engine.py", line 177, in get_template
    template, origin = self.find_template(template_name)
                       ^^^^^^^^^^^^^^^^^^^^^^^^^^^^^^^^^
  File "C:\Users\user\Documents\GitHub\comicsite\selim_site\myvenv\Lib\site-packages\django\template\engine.py", line 159, in find_template
    template = loader.get_template(name, skip=skip)
               ^^^^^^^^^^^^^^^^^^^^^^^^^^^^^^^^^^^^
  File "C:\Users\user\Documents\GitHub\comicsite\selim_site\myvenv\Lib\site-packages\django\template\loaders\cached.py", line 57, in get_template
    template = super().get_template(template_name, skip)
               ^^^^^^^^^^^^^^^^^^^^^^^^^^^^^^^^^^^^^^^^^
  File "C:\Users\user\Documents\GitHub\comicsite\selim_site\myvenv\Lib\site-packages\django\template\loaders\base.py", line 28, in get_template
    return Template(
           ^^^^^^^^^
  File "C:\Users\user\Documents\GitHub\comicsite\selim_site\myvenv\Lib\site-packages\django\template\base.py", line 154, in __init__
    self.nodelist = self.compile_nodelist()
                    ^^^^^^^^^^^^^^^^^^^^^^^
  File "C:\Users\user\Documents\GitHub\comicsite\selim_site\myvenv\Lib\site-packages\django\template\base.py", line 196, in compile_nodelist
    nodelist = parser.parse()
               ^^^^^^^^^^^^^^
  File "C:\Users\user\Documents\GitHub\comicsite\selim_site\myvenv\Lib\site-packages\django\template\base.py", line 518, in parse
    raise self.error(token, e)
  File "C:\Users\user\Documents\GitHub\comicsite\selim_site\myvenv\Lib\site-packages\django\template\base.py", line 516, in parse
    compiled_result = compile_func(self, token)
                      ^^^^^^^^^^^^^^^^^^^^^^^^^
  File "C:\Users\user\Documents\GitHub\comicsite\selim_site\myvenv\Lib\site-packages\django\template\loader_tags.py", line 295, in do_extends
    nodelist = parser.parse()
               ^^^^^^^^^^^^^^
  File "C:\Users\user\Documents\GitHub\comicsite\selim_site\myvenv\Lib\site-packages\django\template\base.py", line 518, in parse
    raise self.error(token, e)
  File "C:\Users\user\Documents\GitHub\comicsite\selim_site\myvenv\Lib\site-packages\django\template\base.py", line 516, in parse
    compiled_result = compile_func(self, token)
                      ^^^^^^^^^^^^^^^^^^^^^^^^^
  File "C:\Users\user\Documents\GitHub\comicsite\selim_site\myvenv\Lib\site-packages\django\template\loader_tags.py", line 234, in do_block
    nodelist = parser.parse(("endblock",))
               ^^^^^^^^^^^^^^^^^^^^^^^^^^^
  File "C:\Users\user\Documents\GitHub\comicsite\selim_site\myvenv\Lib\site-packages\django\template\base.py", line 518, in parse
    raise self.error(token, e)
  File "C:\Users\user\Documents\GitHub\comicsite\selim_site\myvenv\Lib\site-packages\django\template\base.py", line 516, in parse
    compiled_result = compile_func(self, token)
                      ^^^^^^^^^^^^^^^^^^^^^^^^^
  File "C:\Users\user\Documents\GitHub\comicsite\selim_site\myvenv\Lib\site-packages\django\template\defaulttags.py", line 962, in do_if
    nodelist = parser.parse(("elif", "else", "endif"))
               ^^^^^^^^^^^^^^^^^^^^^^^^^^^^^^^^^^^^^^^
  File "C:\Users\user\Documents\GitHub\comicsite\selim_site\myvenv\Lib\site-packages\django\template\base.py", line 518, in parse
    raise self.error(token, e)
  File "C:\Users\user\Documents\GitHub\comicsite\selim_site\myvenv\Lib\site-packages\django\template\base.py", line 516, in parse
    compiled_result = compile_func(self, token)
                      ^^^^^^^^^^^^^^^^^^^^^^^^^
  File "C:\Users\user\Documents\GitHub\comicsite\selim_site\myvenv\Lib\site-packages\django\template\defaulttags.py", line 862, in do_for
    nodelist_loop = parser.parse(
                    ^^^^^^^^^^^^^
  File "C:\Users\user\Documents\GitHub\comicsite\selim_site\myvenv\Lib\site-packages\django\template\base.py", line 489, in parse
    raise self.error(token, e)
  File "C:\Users\user\Documents\GitHub\comicsite\selim_site\myvenv\Lib\site-packages\django\template\base.py", line 487, in parse
    filter_expression = self.compile_filter(token.contents)
                        ^^^^^^^^^^^^^^^^^^^^^^^^^^^^^^^^^^^
  File "C:\Users\user\Documents\GitHub\comicsite\selim_site\myvenv\Lib\site-packages\django\template\base.py", line 605, in compile_filter
    return FilterExpression(token, self)
           ^^^^^^^^^^^^^^^^^^^^^^^^^^^^^
  File "C:\Users\user\Documents\GitHub\comicsite\selim_site\myvenv\Lib\site-packages\django\template\base.py", line 706, in __init__
    raise TemplateSyntaxError(
django.template.exceptions.TemplateSyntaxError: Could not parse the remainder: ' if item.product.apply_discount else item.product.price' from 'item.product.discounted_price if item.product.apply_discount else item.product.price'
Internal Server Error: /cartd/
Traceback (most recent call last):
  File "C:\Users\user\Documents\GitHub\comicsite\selim_site\myvenv\Lib\site-packages\django\core\handlers\exception.py", line 55, in inner
    response = get_response(request)
               ^^^^^^^^^^^^^^^^^^^^^
  File "C:\Users\user\Documents\GitHub\comicsite\selim_site\myvenv\Lib\site-packages\django\core\handlers\base.py", line 197, in _get_response
    response = wrapped_callback(request, *callback_args, **callback_kwargs)
               ^^^^^^^^^^^^^^^^^^^^^^^^^^^^^^^^^^^^^^^^^^^^^^^^^^^^^^^^^^^^
  File "C:\Users\user\Documents\GitHub\comicsite\selim_site\myvenv\Lib\site-packages\django\contrib\auth\decorators.py", line 60, in _view_wrapper
    return view_func(request, *args, **kwargs)
           ^^^^^^^^^^^^^^^^^^^^^^^^^^^^^^^^^^^
  File "C:\Users\user\Documents\GitHub\comicsite\selim_site\ssite\ssite\views.py", line 195, in cart_detail
    return render(request, 'xsite/cart_detail.html', {'cart': cart})
           ^^^^^^^^^^^^^^^^^^^^^^^^^^^^^^^^^^^^^^^^^^^^^^^^^^^^^^^^^
  File "C:\Users\user\Documents\GitHub\comicsite\selim_site\myvenv\Lib\site-packages\django\shortcuts.py", line 25, in render
    content = loader.render_to_string(template_name, context, request, using=using)
              ^^^^^^^^^^^^^^^^^^^^^^^^^^^^^^^^^^^^^^^^^^^^^^^^^^^^^^^^^^^^^^^^^^^^^
  File "C:\Users\user\Documents\GitHub\comicsite\selim_site\myvenv\Lib\site-packages\django\template\loader.py", line 61, in render_to_string
    template = get_template(template_name, using=using)
               ^^^^^^^^^^^^^^^^^^^^^^^^^^^^^^^^^^^^^^^^
  File "C:\Users\user\Documents\GitHub\comicsite\selim_site\myvenv\Lib\site-packages\django\template\loader.py", line 15, in get_template
    return engine.get_template(template_name)
           ^^^^^^^^^^^^^^^^^^^^^^^^^^^^^^^^^^
  File "C:\Users\user\Documents\GitHub\comicsite\selim_site\myvenv\Lib\site-packages\django\template\backends\django.py", line 79, in get_template
    return Template(self.engine.get_template(template_name), self)
                    ^^^^^^^^^^^^^^^^^^^^^^^^^^^^^^^^^^^^^^^
  File "C:\Users\user\Documents\GitHub\comicsite\selim_site\myvenv\Lib\site-packages\django\template\engine.py", line 177, in get_template
    template, origin = self.find_template(template_name)
                       ^^^^^^^^^^^^^^^^^^^^^^^^^^^^^^^^^
  File "C:\Users\user\Documents\GitHub\comicsite\selim_site\myvenv\Lib\site-packages\django\template\engine.py", line 159, in find_template
    template = loader.get_template(name, skip=skip)
               ^^^^^^^^^^^^^^^^^^^^^^^^^^^^^^^^^^^^
  File "C:\Users\user\Documents\GitHub\comicsite\selim_site\myvenv\Lib\site-packages\django\template\loaders\cached.py", line 57, in get_template
    template = super().get_template(template_name, skip)
               ^^^^^^^^^^^^^^^^^^^^^^^^^^^^^^^^^^^^^^^^^
  File "C:\Users\user\Documents\GitHub\comicsite\selim_site\myvenv\Lib\site-packages\django\template\loaders\base.py", line 28, in get_template
    return Template(
           ^^^^^^^^^
  File "C:\Users\user\Documents\GitHub\comicsite\selim_site\myvenv\Lib\site-packages\django\template\base.py", line 154, in __init__
    self.nodelist = self.compile_nodelist()
                    ^^^^^^^^^^^^^^^^^^^^^^^
  File "C:\Users\user\Documents\GitHub\comicsite\selim_site\myvenv\Lib\site-packages\django\template\base.py", line 196, in compile_nodelist
    nodelist = parser.parse()
               ^^^^^^^^^^^^^^
  File "C:\Users\user\Documents\GitHub\comicsite\selim_site\myvenv\Lib\site-packages\django\template\base.py", line 518, in parse
    raise self.error(token, e)
  File "C:\Users\user\Documents\GitHub\comicsite\selim_site\myvenv\Lib\site-packages\django\template\base.py", line 516, in parse
    compiled_result = compile_func(self, token)
                      ^^^^^^^^^^^^^^^^^^^^^^^^^
  File "C:\Users\user\Documents\GitHub\comicsite\selim_site\myvenv\Lib\site-packages\django\template\loader_tags.py", line 295, in do_extends
    nodelist = parser.parse()
               ^^^^^^^^^^^^^^
  File "C:\Users\user\Documents\GitHub\comicsite\selim_site\myvenv\Lib\site-packages\django\template\base.py", line 518, in parse
    raise self.error(token, e)
  File "C:\Users\user\Documents\GitHub\comicsite\selim_site\myvenv\Lib\site-packages\django\template\base.py", line 516, in parse
    compiled_result = compile_func(self, token)
                      ^^^^^^^^^^^^^^^^^^^^^^^^^
  File "C:\Users\user\Documents\GitHub\comicsite\selim_site\myvenv\Lib\site-packages\django\template\loader_tags.py", line 234, in do_block
    nodelist = parser.parse(("endblock",))
               ^^^^^^^^^^^^^^^^^^^^^^^^^^^
  File "C:\Users\user\Documents\GitHub\comicsite\selim_site\myvenv\Lib\site-packages\django\template\base.py", line 518, in parse
    raise self.error(token, e)
  File "C:\Users\user\Documents\GitHub\comicsite\selim_site\myvenv\Lib\site-packages\django\template\base.py", line 516, in parse
    compiled_result = compile_func(self, token)
                      ^^^^^^^^^^^^^^^^^^^^^^^^^
  File "C:\Users\user\Documents\GitHub\comicsite\selim_site\myvenv\Lib\site-packages\django\template\defaulttags.py", line 962, in do_if
    nodelist = parser.parse(("elif", "else", "endif"))
               ^^^^^^^^^^^^^^^^^^^^^^^^^^^^^^^^^^^^^^^
  File "C:\Users\user\Documents\GitHub\comicsite\selim_site\myvenv\Lib\site-packages\django\template\base.py", line 518, in parse
    raise self.error(token, e)
  File "C:\Users\user\Documents\GitHub\comicsite\selim_site\myvenv\Lib\site-packages\django\template\base.py", line 516, in parse
    compiled_result = compile_func(self, token)
                      ^^^^^^^^^^^^^^^^^^^^^^^^^
  File "C:\Users\user\Documents\GitHub\comicsite\selim_site\myvenv\Lib\site-packages\django\template\defaulttags.py", line 862, in do_for
    nodelist_loop = parser.parse(
                    ^^^^^^^^^^^^^
  File "C:\Users\user\Documents\GitHub\comicsite\selim_site\myvenv\Lib\site-packages\django\template\base.py", line 489, in parse
    raise self.error(token, e)
  File "C:\Users\user\Documents\GitHub\comicsite\selim_site\myvenv\Lib\site-packages\django\template\base.py", line 487, in parse
    filter_expression = self.compile_filter(token.contents)
                        ^^^^^^^^^^^^^^^^^^^^^^^^^^^^^^^^^^^
  File "C:\Users\user\Documents\GitHub\comicsite\selim_site\myvenv\Lib\site-packages\django\template\base.py", line 605, in compile_filter
    return FilterExpression(token, self)
           ^^^^^^^^^^^^^^^^^^^^^^^^^^^^^
  File "C:\Users\user\Documents\GitHub\comicsite\selim_site\myvenv\Lib\site-packages\django\template\base.py", line 706, in __init__
    raise TemplateSyntaxError(
django.template.exceptions.TemplateSyntaxError: Could not parse the remainder: ' if item.product.apply_discount else item.product.price' from 'item.product.discounted_price if item.product.apply_discount else item.product.price'
Watching for file changes with StatReloader
Internal Server Error: /cartd/
Traceback (most recent call last):
  File "C:\Users\user\Documents\GitHub\comicsite\selim_site\myvenv\Lib\site-packages\django\core\handlers\exception.py", line 55, in inner
    response = get_response(request)
               ^^^^^^^^^^^^^^^^^^^^^
  File "C:\Users\user\Documents\GitHub\comicsite\selim_site\myvenv\Lib\site-packages\django\core\handlers\base.py", line 197, in _get_response
    response = wrapped_callback(request, *callback_args, **callback_kwargs)
               ^^^^^^^^^^^^^^^^^^^^^^^^^^^^^^^^^^^^^^^^^^^^^^^^^^^^^^^^^^^^
  File "C:\Users\user\Documents\GitHub\comicsite\selim_site\myvenv\Lib\site-packages\django\contrib\auth\decorators.py", line 60, in _view_wrapper
    return view_func(request, *args, **kwargs)
           ^^^^^^^^^^^^^^^^^^^^^^^^^^^^^^^^^^^
  File "C:\Users\user\Documents\GitHub\comicsite\selim_site\ssite\ssite\views.py", line 195, in cart_detail
    return render(request, 'xsite/cart_detail.html', {'cart': cart})
           ^^^^^^^^^^^^^^^^^^^^^^^^^^^^^^^^^^^^^^^^^^^^^^^^^^^^^^^^^
  File "C:\Users\user\Documents\GitHub\comicsite\selim_site\myvenv\Lib\site-packages\django\shortcuts.py", line 25, in render
    content = loader.render_to_string(template_name, context, request, using=using)
              ^^^^^^^^^^^^^^^^^^^^^^^^^^^^^^^^^^^^^^^^^^^^^^^^^^^^^^^^^^^^^^^^^^^^^
  File "C:\Users\user\Documents\GitHub\comicsite\selim_site\myvenv\Lib\site-packages\django\template\loader.py", line 61, in render_to_string
    template = get_template(template_name, using=using)
               ^^^^^^^^^^^^^^^^^^^^^^^^^^^^^^^^^^^^^^^^
  File "C:\Users\user\Documents\GitHub\comicsite\selim_site\myvenv\Lib\site-packages\django\template\loader.py", line 15, in get_template
    return engine.get_template(template_name)
           ^^^^^^^^^^^^^^^^^^^^^^^^^^^^^^^^^^
  File "C:\Users\user\Documents\GitHub\comicsite\selim_site\myvenv\Lib\site-packages\django\template\backends\django.py", line 79, in get_template
    return Template(self.engine.get_template(template_name), self)
                    ^^^^^^^^^^^^^^^^^^^^^^^^^^^^^^^^^^^^^^^
  File "C:\Users\user\Documents\GitHub\comicsite\selim_site\myvenv\Lib\site-packages\django\template\engine.py", line 177, in get_template
    template, origin = self.find_template(template_name)
                       ^^^^^^^^^^^^^^^^^^^^^^^^^^^^^^^^^
  File "C:\Users\user\Documents\GitHub\comicsite\selim_site\myvenv\Lib\site-packages\django\template\engine.py", line 159, in find_template
    template = loader.get_template(name, skip=skip)
               ^^^^^^^^^^^^^^^^^^^^^^^^^^^^^^^^^^^^
  File "C:\Users\user\Documents\GitHub\comicsite\selim_site\myvenv\Lib\site-packages\django\template\loaders\cached.py", line 57, in get_template
    template = super().get_template(template_name, skip)
               ^^^^^^^^^^^^^^^^^^^^^^^^^^^^^^^^^^^^^^^^^
  File "C:\Users\user\Documents\GitHub\comicsite\selim_site\myvenv\Lib\site-packages\django\template\loaders\base.py", line 28, in get_template
    return Template(
           ^^^^^^^^^
  File "C:\Users\user\Documents\GitHub\comicsite\selim_site\myvenv\Lib\site-packages\django\template\base.py", line 154, in __init__
    self.nodelist = self.compile_nodelist()
                    ^^^^^^^^^^^^^^^^^^^^^^^
  File "C:\Users\user\Documents\GitHub\comicsite\selim_site\myvenv\Lib\site-packages\django\template\base.py", line 196, in compile_nodelist
    nodelist = parser.parse()
               ^^^^^^^^^^^^^^
  File "C:\Users\user\Documents\GitHub\comicsite\selim_site\myvenv\Lib\site-packages\django\template\base.py", line 518, in parse
    raise self.error(token, e)
  File "C:\Users\user\Documents\GitHub\comicsite\selim_site\myvenv\Lib\site-packages\django\template\base.py", line 516, in parse
    compiled_result = compile_func(self, token)
                      ^^^^^^^^^^^^^^^^^^^^^^^^^
  File "C:\Users\user\Documents\GitHub\comicsite\selim_site\myvenv\Lib\site-packages\django\template\loader_tags.py", line 295, in do_extends
    nodelist = parser.parse()
               ^^^^^^^^^^^^^^
  File "C:\Users\user\Documents\GitHub\comicsite\selim_site\myvenv\Lib\site-packages\django\template\base.py", line 518, in parse
    raise self.error(token, e)
  File "C:\Users\user\Documents\GitHub\comicsite\selim_site\myvenv\Lib\site-packages\django\template\base.py", line 516, in parse
    compiled_result = compile_func(self, token)
                      ^^^^^^^^^^^^^^^^^^^^^^^^^
  File "C:\Users\user\Documents\GitHub\comicsite\selim_site\myvenv\Lib\site-packages\django\template\loader_tags.py", line 234, in do_block
    nodelist = parser.parse(("endblock",))
               ^^^^^^^^^^^^^^^^^^^^^^^^^^^
  File "C:\Users\user\Documents\GitHub\comicsite\selim_site\myvenv\Lib\site-packages\django\template\base.py", line 518, in parse
    raise self.error(token, e)
  File "C:\Users\user\Documents\GitHub\comicsite\selim_site\myvenv\Lib\site-packages\django\template\base.py", line 516, in parse
    compiled_result = compile_func(self, token)
                      ^^^^^^^^^^^^^^^^^^^^^^^^^
  File "C:\Users\user\Documents\GitHub\comicsite\selim_site\myvenv\Lib\site-packages\django\template\defaulttags.py", line 962, in do_if
    nodelist = parser.parse(("elif", "else", "endif"))
               ^^^^^^^^^^^^^^^^^^^^^^^^^^^^^^^^^^^^^^^
  File "C:\Users\user\Documents\GitHub\comicsite\selim_site\myvenv\Lib\site-packages\django\template\base.py", line 518, in parse
    raise self.error(token, e)
  File "C:\Users\user\Documents\GitHub\comicsite\selim_site\myvenv\Lib\site-packages\django\template\base.py", line 516, in parse
    compiled_result = compile_func(self, token)
                      ^^^^^^^^^^^^^^^^^^^^^^^^^
  File "C:\Users\user\Documents\GitHub\comicsite\selim_site\myvenv\Lib\site-packages\django\template\defaulttags.py", line 862, in do_for
    nodelist_loop = parser.parse(
                    ^^^^^^^^^^^^^
  File "C:\Users\user\Documents\GitHub\comicsite\selim_site\myvenv\Lib\site-packages\django\template\base.py", line 489, in parse
    raise self.error(token, e)
  File "C:\Users\user\Documents\GitHub\comicsite\selim_site\myvenv\Lib\site-packages\django\template\base.py", line 487, in parse
    filter_expression = self.compile_filter(token.contents)
                        ^^^^^^^^^^^^^^^^^^^^^^^^^^^^^^^^^^^
  File "C:\Users\user\Documents\GitHub\comicsite\selim_site\myvenv\Lib\site-packages\django\template\base.py", line 605, in compile_filter
    return FilterExpression(token, self)
           ^^^^^^^^^^^^^^^^^^^^^^^^^^^^^
  File "C:\Users\user\Documents\GitHub\comicsite\selim_site\myvenv\Lib\site-packages\django\template\base.py", line 706, in __init__
    raise TemplateSyntaxError(
django.template.exceptions.TemplateSyntaxError: Could not parse the remainder: ' if item.product.apply_discount else item.product.price' from 'item.product.discounted_price if item.product.apply_discount else item.product.price'
Internal Server Error: /cartd/
Traceback (most recent call last):
  File "C:\Users\user\Documents\GitHub\comicsite\selim_site\myvenv\Lib\site-packages\django\core\handlers\exception.py", line 55, in inner
    response = get_response(request)
               ^^^^^^^^^^^^^^^^^^^^^
  File "C:\Users\user\Documents\GitHub\comicsite\selim_site\myvenv\Lib\site-packages\django\core\handlers\base.py", line 197, in _get_response
    response = wrapped_callback(request, *callback_args, **callback_kwargs)
               ^^^^^^^^^^^^^^^^^^^^^^^^^^^^^^^^^^^^^^^^^^^^^^^^^^^^^^^^^^^^
  File "C:\Users\user\Documents\GitHub\comicsite\selim_site\myvenv\Lib\site-packages\django\contrib\auth\decorators.py", line 60, in _view_wrapper
    return view_func(request, *args, **kwargs)
           ^^^^^^^^^^^^^^^^^^^^^^^^^^^^^^^^^^^
  File "C:\Users\user\Documents\GitHub\comicsite\selim_site\ssite\ssite\views.py", line 195, in cart_detail
    return render(request, 'xsite/cart_detail.html', {'cart': cart})
           ^^^^^^^^^^^^^^^^^^^^^^^^^^^^^^^^^^^^^^^^^^^^^^^^^^^^^^^^^
  File "C:\Users\user\Documents\GitHub\comicsite\selim_site\myvenv\Lib\site-packages\django\shortcuts.py", line 25, in render
    content = loader.render_to_string(template_name, context, request, using=using)
              ^^^^^^^^^^^^^^^^^^^^^^^^^^^^^^^^^^^^^^^^^^^^^^^^^^^^^^^^^^^^^^^^^^^^^
  File "C:\Users\user\Documents\GitHub\comicsite\selim_site\myvenv\Lib\site-packages\django\template\loader.py", line 61, in render_to_string
    template = get_template(template_name, using=using)
               ^^^^^^^^^^^^^^^^^^^^^^^^^^^^^^^^^^^^^^^^
  File "C:\Users\user\Documents\GitHub\comicsite\selim_site\myvenv\Lib\site-packages\django\template\loader.py", line 15, in get_template
    return engine.get_template(template_name)
           ^^^^^^^^^^^^^^^^^^^^^^^^^^^^^^^^^^
  File "C:\Users\user\Documents\GitHub\comicsite\selim_site\myvenv\Lib\site-packages\django\template\backends\django.py", line 79, in get_template
    return Template(self.engine.get_template(template_name), self)
                    ^^^^^^^^^^^^^^^^^^^^^^^^^^^^^^^^^^^^^^^
  File "C:\Users\user\Documents\GitHub\comicsite\selim_site\myvenv\Lib\site-packages\django\template\engine.py", line 177, in get_template
    template, origin = self.find_template(template_name)
                       ^^^^^^^^^^^^^^^^^^^^^^^^^^^^^^^^^
  File "C:\Users\user\Documents\GitHub\comicsite\selim_site\myvenv\Lib\site-packages\django\template\engine.py", line 159, in find_template
    template = loader.get_template(name, skip=skip)
               ^^^^^^^^^^^^^^^^^^^^^^^^^^^^^^^^^^^^
  File "C:\Users\user\Documents\GitHub\comicsite\selim_site\myvenv\Lib\site-packages\django\template\loaders\cached.py", line 57, in get_template
    template = super().get_template(template_name, skip)
               ^^^^^^^^^^^^^^^^^^^^^^^^^^^^^^^^^^^^^^^^^
  File "C:\Users\user\Documents\GitHub\comicsite\selim_site\myvenv\Lib\site-packages\django\template\loaders\base.py", line 28, in get_template
    return Template(
           ^^^^^^^^^
  File "C:\Users\user\Documents\GitHub\comicsite\selim_site\myvenv\Lib\site-packages\django\template\base.py", line 154, in __init__
    self.nodelist = self.compile_nodelist()
                    ^^^^^^^^^^^^^^^^^^^^^^^
  File "C:\Users\user\Documents\GitHub\comicsite\selim_site\myvenv\Lib\site-packages\django\template\base.py", line 196, in compile_nodelist
    nodelist = parser.parse()
               ^^^^^^^^^^^^^^
  File "C:\Users\user\Documents\GitHub\comicsite\selim_site\myvenv\Lib\site-packages\django\template\base.py", line 518, in parse
    raise self.error(token, e)
  File "C:\Users\user\Documents\GitHub\comicsite\selim_site\myvenv\Lib\site-packages\django\template\base.py", line 516, in parse
    compiled_result = compile_func(self, token)
                      ^^^^^^^^^^^^^^^^^^^^^^^^^
  File "C:\Users\user\Documents\GitHub\comicsite\selim_site\myvenv\Lib\site-packages\django\template\loader_tags.py", line 295, in do_extends
    nodelist = parser.parse()
               ^^^^^^^^^^^^^^
  File "C:\Users\user\Documents\GitHub\comicsite\selim_site\myvenv\Lib\site-packages\django\template\base.py", line 518, in parse
    raise self.error(token, e)
  File "C:\Users\user\Documents\GitHub\comicsite\selim_site\myvenv\Lib\site-packages\django\template\base.py", line 516, in parse
    compiled_result = compile_func(self, token)
                      ^^^^^^^^^^^^^^^^^^^^^^^^^
  File "C:\Users\user\Documents\GitHub\comicsite\selim_site\myvenv\Lib\site-packages\django\template\loader_tags.py", line 234, in do_block
    nodelist = parser.parse(("endblock",))
               ^^^^^^^^^^^^^^^^^^^^^^^^^^^
  File "C:\Users\user\Documents\GitHub\comicsite\selim_site\myvenv\Lib\site-packages\django\template\base.py", line 518, in parse
    raise self.error(token, e)
  File "C:\Users\user\Documents\GitHub\comicsite\selim_site\myvenv\Lib\site-packages\django\template\base.py", line 516, in parse
    compiled_result = compile_func(self, token)
                      ^^^^^^^^^^^^^^^^^^^^^^^^^
  File "C:\Users\user\Documents\GitHub\comicsite\selim_site\myvenv\Lib\site-packages\django\template\defaulttags.py", line 962, in do_if
    nodelist = parser.parse(("elif", "else", "endif"))
               ^^^^^^^^^^^^^^^^^^^^^^^^^^^^^^^^^^^^^^^
  File "C:\Users\user\Documents\GitHub\comicsite\selim_site\myvenv\Lib\site-packages\django\template\base.py", line 518, in parse
    raise self.error(token, e)
  File "C:\Users\user\Documents\GitHub\comicsite\selim_site\myvenv\Lib\site-packages\django\template\base.py", line 516, in parse
    compiled_result = compile_func(self, token)
                      ^^^^^^^^^^^^^^^^^^^^^^^^^
  File "C:\Users\user\Documents\GitHub\comicsite\selim_site\myvenv\Lib\site-packages\django\template\defaulttags.py", line 862, in do_for
    nodelist_loop = parser.parse(
                    ^^^^^^^^^^^^^
  File "C:\Users\user\Documents\GitHub\comicsite\selim_site\myvenv\Lib\site-packages\django\template\base.py", line 489, in parse
    raise self.error(token, e)
  File "C:\Users\user\Documents\GitHub\comicsite\selim_site\myvenv\Lib\site-packages\django\template\base.py", line 487, in parse
    filter_expression = self.compile_filter(token.contents)
                        ^^^^^^^^^^^^^^^^^^^^^^^^^^^^^^^^^^^
  File "C:\Users\user\Documents\GitHub\comicsite\selim_site\myvenv\Lib\site-packages\django\template\base.py", line 605, in compile_filter
    return FilterExpression(token, self)
           ^^^^^^^^^^^^^^^^^^^^^^^^^^^^^
  File "C:\Users\user\Documents\GitHub\comicsite\selim_site\myvenv\Lib\site-packages\django\template\base.py", line 706, in __init__
    raise TemplateSyntaxError(
django.template.exceptions.TemplateSyntaxError: Could not parse the remainder: ' if item.product.apply_discount else item.product.price' from 'item.product.discounted_price if item.product.apply_discount else item.product.price'
Internal Server Error: /cartd/
Traceback (most recent call last):
  File "C:\Users\user\Documents\GitHub\comicsite\selim_site\myvenv\Lib\site-packages\django\template\base.py", line 510, in parse
    compile_func = self.tags[command]
                   ~~~~~~~~~^^^^^^^^^
KeyError: 'else'

During handling of the above exception, another exception occurred:

Traceback (most recent call last):
  File "C:\Users\user\Documents\GitHub\comicsite\selim_site\myvenv\Lib\site-packages\django\core\handlers\exception.py", line 55, in inner
    response = get_response(request)
               ^^^^^^^^^^^^^^^^^^^^^
  File "C:\Users\user\Documents\GitHub\comicsite\selim_site\myvenv\Lib\site-packages\django\core\handlers\base.py", line 197, in _get_response
    response = wrapped_callback(request, *callback_args, **callback_kwargs)
               ^^^^^^^^^^^^^^^^^^^^^^^^^^^^^^^^^^^^^^^^^^^^^^^^^^^^^^^^^^^^
  File "C:\Users\user\Documents\GitHub\comicsite\selim_site\myvenv\Lib\site-packages\django\contrib\auth\decorators.py", line 60, in _view_wrapper
    return view_func(request, *args, **kwargs)
           ^^^^^^^^^^^^^^^^^^^^^^^^^^^^^^^^^^^
  File "C:\Users\user\Documents\GitHub\comicsite\selim_site\ssite\ssite\views.py", line 195, in cart_detail
    return render(request, 'xsite/cart_detail.html', {'cart': cart})
           ^^^^^^^^^^^^^^^^^^^^^^^^^^^^^^^^^^^^^^^^^^^^^^^^^^^^^^^^^
  File "C:\Users\user\Documents\GitHub\comicsite\selim_site\myvenv\Lib\site-packages\django\shortcuts.py", line 25, in render
    content = loader.render_to_string(template_name, context, request, using=using)
              ^^^^^^^^^^^^^^^^^^^^^^^^^^^^^^^^^^^^^^^^^^^^^^^^^^^^^^^^^^^^^^^^^^^^^
  File "C:\Users\user\Documents\GitHub\comicsite\selim_site\myvenv\Lib\site-packages\django\template\loader.py", line 61, in render_to_string
    template = get_template(template_name, using=using)
               ^^^^^^^^^^^^^^^^^^^^^^^^^^^^^^^^^^^^^^^^
  File "C:\Users\user\Documents\GitHub\comicsite\selim_site\myvenv\Lib\site-packages\django\template\loader.py", line 15, in get_template
    return engine.get_template(template_name)
           ^^^^^^^^^^^^^^^^^^^^^^^^^^^^^^^^^^
  File "C:\Users\user\Documents\GitHub\comicsite\selim_site\myvenv\Lib\site-packages\django\template\backends\django.py", line 79, in get_template
    return Template(self.engine.get_template(template_name), self)
                    ^^^^^^^^^^^^^^^^^^^^^^^^^^^^^^^^^^^^^^^
  File "C:\Users\user\Documents\GitHub\comicsite\selim_site\myvenv\Lib\site-packages\django\template\engine.py", line 177, in get_template
    template, origin = self.find_template(template_name)
                       ^^^^^^^^^^^^^^^^^^^^^^^^^^^^^^^^^
  File "C:\Users\user\Documents\GitHub\comicsite\selim_site\myvenv\Lib\site-packages\django\template\engine.py", line 159, in find_template
    template = loader.get_template(name, skip=skip)
               ^^^^^^^^^^^^^^^^^^^^^^^^^^^^^^^^^^^^
  File "C:\Users\user\Documents\GitHub\comicsite\selim_site\myvenv\Lib\site-packages\django\template\loaders\cached.py", line 57, in get_template
    template = super().get_template(template_name, skip)
               ^^^^^^^^^^^^^^^^^^^^^^^^^^^^^^^^^^^^^^^^^
  File "C:\Users\user\Documents\GitHub\comicsite\selim_site\myvenv\Lib\site-packages\django\template\loaders\base.py", line 28, in get_template
    return Template(
           ^^^^^^^^^
  File "C:\Users\user\Documents\GitHub\comicsite\selim_site\myvenv\Lib\site-packages\django\template\base.py", line 154, in __init__
    self.nodelist = self.compile_nodelist()
                    ^^^^^^^^^^^^^^^^^^^^^^^
  File "C:\Users\user\Documents\GitHub\comicsite\selim_site\myvenv\Lib\site-packages\django\template\base.py", line 196, in compile_nodelist
    nodelist = parser.parse()
               ^^^^^^^^^^^^^^
  File "C:\Users\user\Documents\GitHub\comicsite\selim_site\myvenv\Lib\site-packages\django\template\base.py", line 518, in parse
    raise self.error(token, e)
  File "C:\Users\user\Documents\GitHub\comicsite\selim_site\myvenv\Lib\site-packages\django\template\base.py", line 516, in parse
    compiled_result = compile_func(self, token)
                      ^^^^^^^^^^^^^^^^^^^^^^^^^
  File "C:\Users\user\Documents\GitHub\comicsite\selim_site\myvenv\Lib\site-packages\django\template\loader_tags.py", line 295, in do_extends
    nodelist = parser.parse()
               ^^^^^^^^^^^^^^
  File "C:\Users\user\Documents\GitHub\comicsite\selim_site\myvenv\Lib\site-packages\django\template\base.py", line 518, in parse
    raise self.error(token, e)
  File "C:\Users\user\Documents\GitHub\comicsite\selim_site\myvenv\Lib\site-packages\django\template\base.py", line 516, in parse
    compiled_result = compile_func(self, token)
                      ^^^^^^^^^^^^^^^^^^^^^^^^^
  File "C:\Users\user\Documents\GitHub\comicsite\selim_site\myvenv\Lib\site-packages\django\template\loader_tags.py", line 234, in do_block
    nodelist = parser.parse(("endblock",))
               ^^^^^^^^^^^^^^^^^^^^^^^^^^^
  File "C:\Users\user\Documents\GitHub\comicsite\selim_site\myvenv\Lib\site-packages\django\template\base.py", line 518, in parse
    raise self.error(token, e)
  File "C:\Users\user\Documents\GitHub\comicsite\selim_site\myvenv\Lib\site-packages\django\template\base.py", line 516, in parse
    compiled_result = compile_func(self, token)
                      ^^^^^^^^^^^^^^^^^^^^^^^^^
  File "C:\Users\user\Documents\GitHub\comicsite\selim_site\myvenv\Lib\site-packages\django\template\defaulttags.py", line 862, in do_for
    nodelist_loop = parser.parse(
                    ^^^^^^^^^^^^^
  File "C:\Users\user\Documents\GitHub\comicsite\selim_site\myvenv\Lib\site-packages\django\template\base.py", line 518, in parse
    raise self.error(token, e)
  File "C:\Users\user\Documents\GitHub\comicsite\selim_site\myvenv\Lib\site-packages\django\template\base.py", line 516, in parse
    compiled_result = compile_func(self, token)
                      ^^^^^^^^^^^^^^^^^^^^^^^^^
  File "C:\Users\user\Documents\GitHub\comicsite\selim_site\myvenv\Lib\site-packages\django\template\defaulttags.py", line 962, in do_if
    nodelist = parser.parse(("elif", "else", "endif"))
               ^^^^^^^^^^^^^^^^^^^^^^^^^^^^^^^^^^^^^^^
  File "C:\Users\user\Documents\GitHub\comicsite\selim_site\myvenv\Lib\site-packages\django\template\base.py", line 518, in parse
    raise self.error(token, e)
  File "C:\Users\user\Documents\GitHub\comicsite\selim_site\myvenv\Lib\site-packages\django\template\base.py", line 516, in parse
    compiled_result = compile_func(self, token)
                      ^^^^^^^^^^^^^^^^^^^^^^^^^
  File "C:\Users\user\Documents\GitHub\comicsite\selim_site\myvenv\Lib\site-packages\django\template\defaulttags.py", line 1540, in do_with
    nodelist = parser.parse(("endwith",))
               ^^^^^^^^^^^^^^^^^^^^^^^^^^
  File "C:\Users\user\Documents\GitHub\comicsite\selim_site\myvenv\Lib\site-packages\django\template\base.py", line 512, in parse
    self.invalid_block_tag(token, command, parse_until)
  File "C:\Users\user\Documents\GitHub\comicsite\selim_site\myvenv\Lib\site-packages\django\template\base.py", line 563, in invalid_block_tag
    raise self.error(
django.template.exceptions.TemplateSyntaxError: Invalid block tag on line 28: 'else', expected 'endwith'. Did you forget to register or load this tag?
Watching for file changes with StatReloader
Internal Server Error: /cartd/
Traceback (most recent call last):
  File "C:\Users\user\Documents\GitHub\comicsite\selim_site\myvenv\Lib\site-packages\django\template\base.py", line 510, in parse
    compile_func = self.tags[command]
                   ~~~~~~~~~^^^^^^^^^
KeyError: 'else'

During handling of the above exception, another exception occurred:

Traceback (most recent call last):
  File "C:\Users\user\Documents\GitHub\comicsite\selim_site\myvenv\Lib\site-packages\django\core\handlers\exception.py", line 55, in inner
    response = get_response(request)
               ^^^^^^^^^^^^^^^^^^^^^
  File "C:\Users\user\Documents\GitHub\comicsite\selim_site\myvenv\Lib\site-packages\django\core\handlers\base.py", line 197, in _get_response
    response = wrapped_callback(request, *callback_args, **callback_kwargs)
               ^^^^^^^^^^^^^^^^^^^^^^^^^^^^^^^^^^^^^^^^^^^^^^^^^^^^^^^^^^^^
  File "C:\Users\user\Documents\GitHub\comicsite\selim_site\myvenv\Lib\site-packages\django\contrib\auth\decorators.py", line 60, in _view_wrapper
    return view_func(request, *args, **kwargs)
           ^^^^^^^^^^^^^^^^^^^^^^^^^^^^^^^^^^^
  File "C:\Users\user\Documents\GitHub\comicsite\selim_site\ssite\ssite\views.py", line 195, in cart_detail
    return render(request, 'xsite/cart_detail.html', {'cart': cart})
           ^^^^^^^^^^^^^^^^^^^^^^^^^^^^^^^^^^^^^^^^^^^^^^^^^^^^^^^^^
  File "C:\Users\user\Documents\GitHub\comicsite\selim_site\myvenv\Lib\site-packages\django\shortcuts.py", line 25, in render
    content = loader.render_to_string(template_name, context, request, using=using)
              ^^^^^^^^^^^^^^^^^^^^^^^^^^^^^^^^^^^^^^^^^^^^^^^^^^^^^^^^^^^^^^^^^^^^^
  File "C:\Users\user\Documents\GitHub\comicsite\selim_site\myvenv\Lib\site-packages\django\template\loader.py", line 61, in render_to_string
    template = get_template(template_name, using=using)
               ^^^^^^^^^^^^^^^^^^^^^^^^^^^^^^^^^^^^^^^^
  File "C:\Users\user\Documents\GitHub\comicsite\selim_site\myvenv\Lib\site-packages\django\template\loader.py", line 15, in get_template
    return engine.get_template(template_name)
           ^^^^^^^^^^^^^^^^^^^^^^^^^^^^^^^^^^
  File "C:\Users\user\Documents\GitHub\comicsite\selim_site\myvenv\Lib\site-packages\django\template\backends\django.py", line 79, in get_template
    return Template(self.engine.get_template(template_name), self)
                    ^^^^^^^^^^^^^^^^^^^^^^^^^^^^^^^^^^^^^^^
  File "C:\Users\user\Documents\GitHub\comicsite\selim_site\myvenv\Lib\site-packages\django\template\engine.py", line 177, in get_template
    template, origin = self.find_template(template_name)
                       ^^^^^^^^^^^^^^^^^^^^^^^^^^^^^^^^^
  File "C:\Users\user\Documents\GitHub\comicsite\selim_site\myvenv\Lib\site-packages\django\template\engine.py", line 159, in find_template
    template = loader.get_template(name, skip=skip)
               ^^^^^^^^^^^^^^^^^^^^^^^^^^^^^^^^^^^^
  File "C:\Users\user\Documents\GitHub\comicsite\selim_site\myvenv\Lib\site-packages\django\template\loaders\cached.py", line 57, in get_template
    template = super().get_template(template_name, skip)
               ^^^^^^^^^^^^^^^^^^^^^^^^^^^^^^^^^^^^^^^^^
  File "C:\Users\user\Documents\GitHub\comicsite\selim_site\myvenv\Lib\site-packages\django\template\loaders\base.py", line 28, in get_template
    return Template(
           ^^^^^^^^^
  File "C:\Users\user\Documents\GitHub\comicsite\selim_site\myvenv\Lib\site-packages\django\template\base.py", line 154, in __init__
    self.nodelist = self.compile_nodelist()
                    ^^^^^^^^^^^^^^^^^^^^^^^
  File "C:\Users\user\Documents\GitHub\comicsite\selim_site\myvenv\Lib\site-packages\django\template\base.py", line 196, in compile_nodelist
    nodelist = parser.parse()
               ^^^^^^^^^^^^^^
  File "C:\Users\user\Documents\GitHub\comicsite\selim_site\myvenv\Lib\site-packages\django\template\base.py", line 518, in parse
    raise self.error(token, e)
  File "C:\Users\user\Documents\GitHub\comicsite\selim_site\myvenv\Lib\site-packages\django\template\base.py", line 516, in parse
    compiled_result = compile_func(self, token)
                      ^^^^^^^^^^^^^^^^^^^^^^^^^
  File "C:\Users\user\Documents\GitHub\comicsite\selim_site\myvenv\Lib\site-packages\django\template\loader_tags.py", line 295, in do_extends
    nodelist = parser.parse()
               ^^^^^^^^^^^^^^
  File "C:\Users\user\Documents\GitHub\comicsite\selim_site\myvenv\Lib\site-packages\django\template\base.py", line 518, in parse
    raise self.error(token, e)
  File "C:\Users\user\Documents\GitHub\comicsite\selim_site\myvenv\Lib\site-packages\django\template\base.py", line 516, in parse
    compiled_result = compile_func(self, token)
                      ^^^^^^^^^^^^^^^^^^^^^^^^^
  File "C:\Users\user\Documents\GitHub\comicsite\selim_site\myvenv\Lib\site-packages\django\template\loader_tags.py", line 234, in do_block
    nodelist = parser.parse(("endblock",))
               ^^^^^^^^^^^^^^^^^^^^^^^^^^^
  File "C:\Users\user\Documents\GitHub\comicsite\selim_site\myvenv\Lib\site-packages\django\template\base.py", line 518, in parse
    raise self.error(token, e)
  File "C:\Users\user\Documents\GitHub\comicsite\selim_site\myvenv\Lib\site-packages\django\template\base.py", line 516, in parse
    compiled_result = compile_func(self, token)
                      ^^^^^^^^^^^^^^^^^^^^^^^^^
  File "C:\Users\user\Documents\GitHub\comicsite\selim_site\myvenv\Lib\site-packages\django\template\defaulttags.py", line 862, in do_for
    nodelist_loop = parser.parse(
                    ^^^^^^^^^^^^^
  File "C:\Users\user\Documents\GitHub\comicsite\selim_site\myvenv\Lib\site-packages\django\template\base.py", line 518, in parse
    raise self.error(token, e)
  File "C:\Users\user\Documents\GitHub\comicsite\selim_site\myvenv\Lib\site-packages\django\template\base.py", line 516, in parse
    compiled_result = compile_func(self, token)
                      ^^^^^^^^^^^^^^^^^^^^^^^^^
  File "C:\Users\user\Documents\GitHub\comicsite\selim_site\myvenv\Lib\site-packages\django\template\defaulttags.py", line 962, in do_if
    nodelist = parser.parse(("elif", "else", "endif"))
               ^^^^^^^^^^^^^^^^^^^^^^^^^^^^^^^^^^^^^^^
  File "C:\Users\user\Documents\GitHub\comicsite\selim_site\myvenv\Lib\site-packages\django\template\base.py", line 518, in parse
    raise self.error(token, e)
  File "C:\Users\user\Documents\GitHub\comicsite\selim_site\myvenv\Lib\site-packages\django\template\base.py", line 516, in parse
    compiled_result = compile_func(self, token)
                      ^^^^^^^^^^^^^^^^^^^^^^^^^
  File "C:\Users\user\Documents\GitHub\comicsite\selim_site\myvenv\Lib\site-packages\django\template\defaulttags.py", line 1540, in do_with
    nodelist = parser.parse(("endwith",))
               ^^^^^^^^^^^^^^^^^^^^^^^^^^
  File "C:\Users\user\Documents\GitHub\comicsite\selim_site\myvenv\Lib\site-packages\django\template\base.py", line 512, in parse
    self.invalid_block_tag(token, command, parse_until)
  File "C:\Users\user\Documents\GitHub\comicsite\selim_site\myvenv\Lib\site-packages\django\template\base.py", line 563, in invalid_block_tag
    raise self.error(
django.template.exceptions.TemplateSyntaxError: Invalid block tag on line 28: 'else', expected 'endwith'. Did you forget to register or load this tag?
Internal Server Error: /cartd/
Traceback (most recent call last):
  File "C:\Users\user\Documents\GitHub\comicsite\selim_site\myvenv\Lib\site-packages\django\template\base.py", line 510, in parse
    compile_func = self.tags[command]
                   ~~~~~~~~~^^^^^^^^^
KeyError: 'else'

During handling of the above exception, another exception occurred:

Traceback (most recent call last):
  File "C:\Users\user\Documents\GitHub\comicsite\selim_site\myvenv\Lib\site-packages\django\core\handlers\exception.py", line 55, in inner
    response = get_response(request)
               ^^^^^^^^^^^^^^^^^^^^^
  File "C:\Users\user\Documents\GitHub\comicsite\selim_site\myvenv\Lib\site-packages\django\core\handlers\base.py", line 197, in _get_response
    response = wrapped_callback(request, *callback_args, **callback_kwargs)
               ^^^^^^^^^^^^^^^^^^^^^^^^^^^^^^^^^^^^^^^^^^^^^^^^^^^^^^^^^^^^
  File "C:\Users\user\Documents\GitHub\comicsite\selim_site\myvenv\Lib\site-packages\django\contrib\auth\decorators.py", line 60, in _view_wrapper
    return view_func(request, *args, **kwargs)
           ^^^^^^^^^^^^^^^^^^^^^^^^^^^^^^^^^^^
  File "C:\Users\user\Documents\GitHub\comicsite\selim_site\ssite\ssite\views.py", line 195, in cart_detail
    return render(request, 'xsite/cart_detail.html', {'cart': cart})
           ^^^^^^^^^^^^^^^^^^^^^^^^^^^^^^^^^^^^^^^^^^^^^^^^^^^^^^^^^
  File "C:\Users\user\Documents\GitHub\comicsite\selim_site\myvenv\Lib\site-packages\django\shortcuts.py", line 25, in render
    content = loader.render_to_string(template_name, context, request, using=using)
              ^^^^^^^^^^^^^^^^^^^^^^^^^^^^^^^^^^^^^^^^^^^^^^^^^^^^^^^^^^^^^^^^^^^^^
  File "C:\Users\user\Documents\GitHub\comicsite\selim_site\myvenv\Lib\site-packages\django\template\loader.py", line 61, in render_to_string
    template = get_template(template_name, using=using)
               ^^^^^^^^^^^^^^^^^^^^^^^^^^^^^^^^^^^^^^^^
  File "C:\Users\user\Documents\GitHub\comicsite\selim_site\myvenv\Lib\site-packages\django\template\loader.py", line 15, in get_template
    return engine.get_template(template_name)
           ^^^^^^^^^^^^^^^^^^^^^^^^^^^^^^^^^^
  File "C:\Users\user\Documents\GitHub\comicsite\selim_site\myvenv\Lib\site-packages\django\template\backends\django.py", line 79, in get_template
    return Template(self.engine.get_template(template_name), self)
                    ^^^^^^^^^^^^^^^^^^^^^^^^^^^^^^^^^^^^^^^
  File "C:\Users\user\Documents\GitHub\comicsite\selim_site\myvenv\Lib\site-packages\django\template\engine.py", line 177, in get_template
    template, origin = self.find_template(template_name)
                       ^^^^^^^^^^^^^^^^^^^^^^^^^^^^^^^^^
  File "C:\Users\user\Documents\GitHub\comicsite\selim_site\myvenv\Lib\site-packages\django\template\engine.py", line 159, in find_template
    template = loader.get_template(name, skip=skip)
               ^^^^^^^^^^^^^^^^^^^^^^^^^^^^^^^^^^^^
  File "C:\Users\user\Documents\GitHub\comicsite\selim_site\myvenv\Lib\site-packages\django\template\loaders\cached.py", line 57, in get_template
    template = super().get_template(template_name, skip)
               ^^^^^^^^^^^^^^^^^^^^^^^^^^^^^^^^^^^^^^^^^
  File "C:\Users\user\Documents\GitHub\comicsite\selim_site\myvenv\Lib\site-packages\django\template\loaders\base.py", line 28, in get_template
    return Template(
           ^^^^^^^^^
  File "C:\Users\user\Documents\GitHub\comicsite\selim_site\myvenv\Lib\site-packages\django\template\base.py", line 154, in __init__
    self.nodelist = self.compile_nodelist()
                    ^^^^^^^^^^^^^^^^^^^^^^^
  File "C:\Users\user\Documents\GitHub\comicsite\selim_site\myvenv\Lib\site-packages\django\template\base.py", line 196, in compile_nodelist
    nodelist = parser.parse()
               ^^^^^^^^^^^^^^
  File "C:\Users\user\Documents\GitHub\comicsite\selim_site\myvenv\Lib\site-packages\django\template\base.py", line 518, in parse
    raise self.error(token, e)
  File "C:\Users\user\Documents\GitHub\comicsite\selim_site\myvenv\Lib\site-packages\django\template\base.py", line 516, in parse
    compiled_result = compile_func(self, token)
                      ^^^^^^^^^^^^^^^^^^^^^^^^^
  File "C:\Users\user\Documents\GitHub\comicsite\selim_site\myvenv\Lib\site-packages\django\template\loader_tags.py", line 295, in do_extends
    nodelist = parser.parse()
               ^^^^^^^^^^^^^^
  File "C:\Users\user\Documents\GitHub\comicsite\selim_site\myvenv\Lib\site-packages\django\template\base.py", line 518, in parse
    raise self.error(token, e)
  File "C:\Users\user\Documents\GitHub\comicsite\selim_site\myvenv\Lib\site-packages\django\template\base.py", line 516, in parse
    compiled_result = compile_func(self, token)
                      ^^^^^^^^^^^^^^^^^^^^^^^^^
  File "C:\Users\user\Documents\GitHub\comicsite\selim_site\myvenv\Lib\site-packages\django\template\loader_tags.py", line 234, in do_block
    nodelist = parser.parse(("endblock",))
               ^^^^^^^^^^^^^^^^^^^^^^^^^^^
  File "C:\Users\user\Documents\GitHub\comicsite\selim_site\myvenv\Lib\site-packages\django\template\base.py", line 518, in parse
    raise self.error(token, e)
  File "C:\Users\user\Documents\GitHub\comicsite\selim_site\myvenv\Lib\site-packages\django\template\base.py", line 516, in parse
    compiled_result = compile_func(self, token)
                      ^^^^^^^^^^^^^^^^^^^^^^^^^
  File "C:\Users\user\Documents\GitHub\comicsite\selim_site\myvenv\Lib\site-packages\django\template\defaulttags.py", line 862, in do_for
    nodelist_loop = parser.parse(
                    ^^^^^^^^^^^^^
  File "C:\Users\user\Documents\GitHub\comicsite\selim_site\myvenv\Lib\site-packages\django\template\base.py", line 518, in parse
    raise self.error(token, e)
  File "C:\Users\user\Documents\GitHub\comicsite\selim_site\myvenv\Lib\site-packages\django\template\base.py", line 516, in parse
    compiled_result = compile_func(self, token)
                      ^^^^^^^^^^^^^^^^^^^^^^^^^
  File "C:\Users\user\Documents\GitHub\comicsite\selim_site\myvenv\Lib\site-packages\django\template\defaulttags.py", line 962, in do_if
    nodelist = parser.parse(("elif", "else", "endif"))
               ^^^^^^^^^^^^^^^^^^^^^^^^^^^^^^^^^^^^^^^
  File "C:\Users\user\Documents\GitHub\comicsite\selim_site\myvenv\Lib\site-packages\django\template\base.py", line 518, in parse
    raise self.error(token, e)
  File "C:\Users\user\Documents\GitHub\comicsite\selim_site\myvenv\Lib\site-packages\django\template\base.py", line 516, in parse
    compiled_result = compile_func(self, token)
                      ^^^^^^^^^^^^^^^^^^^^^^^^^
  File "C:\Users\user\Documents\GitHub\comicsite\selim_site\myvenv\Lib\site-packages\django\template\defaulttags.py", line 1540, in do_with
    nodelist = parser.parse(("endwith",))
               ^^^^^^^^^^^^^^^^^^^^^^^^^^
  File "C:\Users\user\Documents\GitHub\comicsite\selim_site\myvenv\Lib\site-packages\django\template\base.py", line 512, in parse
    self.invalid_block_tag(token, command, parse_until)
  File "C:\Users\user\Documents\GitHub\comicsite\selim_site\myvenv\Lib\site-packages\django\template\base.py", line 563, in invalid_block_tag
    raise self.error(
django.template.exceptions.TemplateSyntaxError: Invalid block tag on line 28: 'else', expected 'endwith'. Did you forget to register or load this tag?
C:\Users\user\Documents\GitHub\comicsite\selim_site\ssite\xsite\models.py changed, reloading.
Watching for file changes with StatReloader
C:\Users\user\Documents\GitHub\comicsite\selim_site\ssite\xsite\models.py changed, reloading.
Watching for file changes with StatReloader
C:\Users\user\Documents\GitHub\comicsite\selim_site\ssite\xsite\models.py changed, reloading.
Watching for file changes with StatReloader
Watching for file changes with StatReloader
C:\Users\user\Documents\GitHub\comicsite\selim_site\ssite\xsite\views.py changed, reloading.
Watching for file changes with StatReloader
C:\Users\user\Documents\GitHub\comicsite\selim_site\ssite\xsite\views.py changed, reloading.
Watching for file changes with StatReloader
C:\Users\user\Documents\GitHub\comicsite\selim_site\ssite\xsite\urls.py changed, reloading.
Watching for file changes with StatReloader
C:\Users\user\Documents\GitHub\comicsite\selim_site\ssite\xsite\urls.py changed, reloading.
Watching for file changes with StatReloader
C:\Users\user\Documents\GitHub\comicsite\selim_site\ssite\xsite\urls.py changed, reloading.
Watching for file changes with StatReloader
C:\Users\user\Documents\GitHub\comicsite\selim_site\ssite\xsite\urls.py changed, reloading.
Watching for file changes with StatReloader
C:\Users\user\Documents\GitHub\comicsite\selim_site\ssite\xsite\views.py changed, reloading.
Watching for file changes with StatReloader
Watching for file changes with StatReloader
Internal Server Error: /stripe-checkout/
Traceback (most recent call last):
  File "C:\Users\user\Documents\GitHub\comicsite\selim_site\myvenv\Lib\site-packages\django\core\handlers\exception.py", line 55, in inner
    response = get_response(request)
               ^^^^^^^^^^^^^^^^^^^^^
  File "C:\Users\user\Documents\GitHub\comicsite\selim_site\myvenv\Lib\site-packages\django\core\handlers\base.py", line 197, in _get_response
    response = wrapped_callback(request, *callback_args, **callback_kwargs)
               ^^^^^^^^^^^^^^^^^^^^^^^^^^^^^^^^^^^^^^^^^^^^^^^^^^^^^^^^^^^^
  File "C:\Users\user\Documents\GitHub\comicsite\selim_site\myvenv\Lib\site-packages\django\views\generic\base.py", line 104, in view
    return self.dispatch(request, *args, **kwargs)
           ^^^^^^^^^^^^^^^^^^^^^^^^^^^^^^^^^^^^^^^
  File "C:\Users\user\Documents\GitHub\comicsite\selim_site\myvenv\Lib\site-packages\django\contrib\auth\mixins.py", line 73, in dispatch
    return super().dispatch(request, *args, **kwargs)
           ^^^^^^^^^^^^^^^^^^^^^^^^^^^^^^^^^^^^^^^^^^
  File "C:\Users\user\Documents\GitHub\comicsite\selim_site\myvenv\Lib\site-packages\django\views\generic\base.py", line 143, in dispatch
    return handler(request, *args, **kwargs)
           ^^^^^^^^^^^^^^^^^^^^^^^^^^^^^^^^^
  File "C:\Users\user\Documents\GitHub\comicsite\selim_site\ssite\xsite\views.py", line 30, in post
    price = item.product.discounted_price if item.product.apply_discount else item.product.price.amount
            ^^^^^^^^^^^^^^^^^^^^^^^^^^^^^
AttributeError: 'Product' object has no attribute 'discounted_price'
C:\Users\user\Documents\GitHub\comicsite\selim_site\ssite\xsite\models.py changed, reloading.
Watching for file changes with StatReloader
Internal Server Error: /
Traceback (most recent call last):
  File "C:\Users\user\Documents\GitHub\comicsite\selim_site\myvenv\Lib\site-packages\django\template\base.py", line 883, in _resolve_lookup
    current = current[bit]
              ~~~~~~~^^^^^
TypeError: 'Product' object is not subscriptable

During handling of the above exception, another exception occurred:

Traceback (most recent call last):
  File "C:\Users\user\Documents\GitHub\comicsite\selim_site\myvenv\Lib\site-packages\django\core\handlers\exception.py", line 55, in inner
    response = get_response(request)
               ^^^^^^^^^^^^^^^^^^^^^
  File "C:\Users\user\Documents\GitHub\comicsite\selim_site\myvenv\Lib\site-packages\django\core\handlers\base.py", line 197, in _get_response
    response = wrapped_callback(request, *callback_args, **callback_kwargs)
               ^^^^^^^^^^^^^^^^^^^^^^^^^^^^^^^^^^^^^^^^^^^^^^^^^^^^^^^^^^^^
  File "C:\Users\user\Documents\GitHub\comicsite\selim_site\ssite\ssite\views.py", line 321, in home
    return render(request, 'xsite/home.html',context)
           ^^^^^^^^^^^^^^^^^^^^^^^^^^^^^^^^^^^^^^^^^^
  File "C:\Users\user\Documents\GitHub\comicsite\selim_site\myvenv\Lib\site-packages\django\shortcuts.py", line 25, in render
    content = loader.render_to_string(template_name, context, request, using=using)
              ^^^^^^^^^^^^^^^^^^^^^^^^^^^^^^^^^^^^^^^^^^^^^^^^^^^^^^^^^^^^^^^^^^^^^
  File "C:\Users\user\Documents\GitHub\comicsite\selim_site\myvenv\Lib\site-packages\django\template\loader.py", line 62, in render_to_string
    return template.render(context, request)
           ^^^^^^^^^^^^^^^^^^^^^^^^^^^^^^^^^
  File "C:\Users\user\Documents\GitHub\comicsite\selim_site\myvenv\Lib\site-packages\django\template\backends\django.py", line 107, in render
    return self.template.render(context)
           ^^^^^^^^^^^^^^^^^^^^^^^^^^^^^
  File "C:\Users\user\Documents\GitHub\comicsite\selim_site\myvenv\Lib\site-packages\django\template\base.py", line 171, in render
    return self._render(context)
           ^^^^^^^^^^^^^^^^^^^^^
  File "C:\Users\user\Documents\GitHub\comicsite\selim_site\myvenv\Lib\site-packages\django\template\base.py", line 163, in _render
    return self.nodelist.render(context)
           ^^^^^^^^^^^^^^^^^^^^^^^^^^^^^
  File "C:\Users\user\Documents\GitHub\comicsite\selim_site\myvenv\Lib\site-packages\django\template\base.py", line 1008, in render
    return SafeString("".join([node.render_annotated(context) for node in self]))
                               ^^^^^^^^^^^^^^^^^^^^^^^^^^^^^^
  File "C:\Users\user\Documents\GitHub\comicsite\selim_site\myvenv\Lib\site-packages\django\template\base.py", line 969, in render_annotated
    return self.render(context)
           ^^^^^^^^^^^^^^^^^^^^
  File "C:\Users\user\Documents\GitHub\comicsite\selim_site\myvenv\Lib\site-packages\django\template\loader_tags.py", line 159, in render
    return compiled_parent._render(context)
           ^^^^^^^^^^^^^^^^^^^^^^^^^^^^^^^^
  File "C:\Users\user\Documents\GitHub\comicsite\selim_site\myvenv\Lib\site-packages\django\template\base.py", line 163, in _render
    return self.nodelist.render(context)
           ^^^^^^^^^^^^^^^^^^^^^^^^^^^^^
  File "C:\Users\user\Documents\GitHub\comicsite\selim_site\myvenv\Lib\site-packages\django\template\base.py", line 1008, in render
    return SafeString("".join([node.render_annotated(context) for node in self]))
                               ^^^^^^^^^^^^^^^^^^^^^^^^^^^^^^
  File "C:\Users\user\Documents\GitHub\comicsite\selim_site\myvenv\Lib\site-packages\django\template\base.py", line 969, in render_annotated
    return self.render(context)
           ^^^^^^^^^^^^^^^^^^^^
  File "C:\Users\user\Documents\GitHub\comicsite\selim_site\myvenv\Lib\site-packages\django\template\loader_tags.py", line 65, in render
    result = block.nodelist.render(context)
             ^^^^^^^^^^^^^^^^^^^^^^^^^^^^^^
  File "C:\Users\user\Documents\GitHub\comicsite\selim_site\myvenv\Lib\site-packages\django\template\base.py", line 1008, in render
    return SafeString("".join([node.render_annotated(context) for node in self]))
                               ^^^^^^^^^^^^^^^^^^^^^^^^^^^^^^
  File "C:\Users\user\Documents\GitHub\comicsite\selim_site\myvenv\Lib\site-packages\django\template\base.py", line 969, in render_annotated
    return self.render(context)
           ^^^^^^^^^^^^^^^^^^^^
  File "C:\Users\user\Documents\GitHub\comicsite\selim_site\myvenv\Lib\site-packages\django\template\defaulttags.py", line 243, in render
    nodelist.append(node.render_annotated(context))
                    ^^^^^^^^^^^^^^^^^^^^^^^^^^^^^^
  File "C:\Users\user\Documents\GitHub\comicsite\selim_site\myvenv\Lib\site-packages\django\template\base.py", line 969, in render_annotated
    return self.render(context)
           ^^^^^^^^^^^^^^^^^^^^
  File "C:\Users\user\Documents\GitHub\comicsite\selim_site\myvenv\Lib\site-packages\django\template\defaulttags.py", line 327, in render
    return nodelist.render(context)
           ^^^^^^^^^^^^^^^^^^^^^^^^
  File "C:\Users\user\Documents\GitHub\comicsite\selim_site\myvenv\Lib\site-packages\django\template\base.py", line 1008, in render
    return SafeString("".join([node.render_annotated(context) for node in self]))
                               ^^^^^^^^^^^^^^^^^^^^^^^^^^^^^^
  File "C:\Users\user\Documents\GitHub\comicsite\selim_site\myvenv\Lib\site-packages\django\template\base.py", line 969, in render_annotated
    return self.render(context)
           ^^^^^^^^^^^^^^^^^^^^
  File "C:\Users\user\Documents\GitHub\comicsite\selim_site\myvenv\Lib\site-packages\django\template\base.py", line 1067, in render
    output = self.filter_expression.resolve(context)
             ^^^^^^^^^^^^^^^^^^^^^^^^^^^^^^^^^^^^^^^
  File "C:\Users\user\Documents\GitHub\comicsite\selim_site\myvenv\Lib\site-packages\django\template\base.py", line 718, in resolve
    obj = self.var.resolve(context)
          ^^^^^^^^^^^^^^^^^^^^^^^^^
  File "C:\Users\user\Documents\GitHub\comicsite\selim_site\myvenv\Lib\site-packages\django\template\base.py", line 850, in resolve
    value = self._resolve_lookup(context)
            ^^^^^^^^^^^^^^^^^^^^^^^^^^^^^
  File "C:\Users\user\Documents\GitHub\comicsite\selim_site\myvenv\Lib\site-packages\django\template\base.py", line 893, in _resolve_lookup
    current = getattr(current, bit)
              ^^^^^^^^^^^^^^^^^^^^^
  File "C:\Users\user\Documents\GitHub\comicsite\selim_site\ssite\xsite\models.py", line 76, in discounted_price
    return self.price.amount * (1 - self.discount / 100)
           ~~~~~~~~~~~~~~~~~~^~~~~~~~~~~~~~~~~~~~~~~~~~~
TypeError: unsupported operand type(s) for *: 'decimal.Decimal' and 'float'
Watching for file changes with StatReloader
Internal Server Error: /
Traceback (most recent call last):
  File "C:\Users\user\Documents\GitHub\comicsite\selim_site\myvenv\Lib\site-packages\django\template\base.py", line 883, in _resolve_lookup
    current = current[bit]
              ~~~~~~~^^^^^
TypeError: 'Product' object is not subscriptable

During handling of the above exception, another exception occurred:

Traceback (most recent call last):
  File "C:\Users\user\Documents\GitHub\comicsite\selim_site\myvenv\Lib\site-packages\django\core\handlers\exception.py", line 55, in inner
    response = get_response(request)
               ^^^^^^^^^^^^^^^^^^^^^
  File "C:\Users\user\Documents\GitHub\comicsite\selim_site\myvenv\Lib\site-packages\django\core\handlers\base.py", line 197, in _get_response
    response = wrapped_callback(request, *callback_args, **callback_kwargs)
               ^^^^^^^^^^^^^^^^^^^^^^^^^^^^^^^^^^^^^^^^^^^^^^^^^^^^^^^^^^^^
  File "C:\Users\user\Documents\GitHub\comicsite\selim_site\ssite\ssite\views.py", line 321, in home
    return render(request, 'xsite/home.html',context)
           ^^^^^^^^^^^^^^^^^^^^^^^^^^^^^^^^^^^^^^^^^^
  File "C:\Users\user\Documents\GitHub\comicsite\selim_site\myvenv\Lib\site-packages\django\shortcuts.py", line 25, in render
    content = loader.render_to_string(template_name, context, request, using=using)
              ^^^^^^^^^^^^^^^^^^^^^^^^^^^^^^^^^^^^^^^^^^^^^^^^^^^^^^^^^^^^^^^^^^^^^
  File "C:\Users\user\Documents\GitHub\comicsite\selim_site\myvenv\Lib\site-packages\django\template\loader.py", line 62, in render_to_string
    return template.render(context, request)
           ^^^^^^^^^^^^^^^^^^^^^^^^^^^^^^^^^
  File "C:\Users\user\Documents\GitHub\comicsite\selim_site\myvenv\Lib\site-packages\django\template\backends\django.py", line 107, in render
    return self.template.render(context)
           ^^^^^^^^^^^^^^^^^^^^^^^^^^^^^
  File "C:\Users\user\Documents\GitHub\comicsite\selim_site\myvenv\Lib\site-packages\django\template\base.py", line 171, in render
    return self._render(context)
           ^^^^^^^^^^^^^^^^^^^^^
  File "C:\Users\user\Documents\GitHub\comicsite\selim_site\myvenv\Lib\site-packages\django\template\base.py", line 163, in _render
    return self.nodelist.render(context)
           ^^^^^^^^^^^^^^^^^^^^^^^^^^^^^
  File "C:\Users\user\Documents\GitHub\comicsite\selim_site\myvenv\Lib\site-packages\django\template\base.py", line 1008, in render
    return SafeString("".join([node.render_annotated(context) for node in self]))
                               ^^^^^^^^^^^^^^^^^^^^^^^^^^^^^^
  File "C:\Users\user\Documents\GitHub\comicsite\selim_site\myvenv\Lib\site-packages\django\template\base.py", line 969, in render_annotated
    return self.render(context)
           ^^^^^^^^^^^^^^^^^^^^
  File "C:\Users\user\Documents\GitHub\comicsite\selim_site\myvenv\Lib\site-packages\django\template\loader_tags.py", line 159, in render
    return compiled_parent._render(context)
           ^^^^^^^^^^^^^^^^^^^^^^^^^^^^^^^^
  File "C:\Users\user\Documents\GitHub\comicsite\selim_site\myvenv\Lib\site-packages\django\template\base.py", line 163, in _render
    return self.nodelist.render(context)
           ^^^^^^^^^^^^^^^^^^^^^^^^^^^^^
  File "C:\Users\user\Documents\GitHub\comicsite\selim_site\myvenv\Lib\site-packages\django\template\base.py", line 1008, in render
    return SafeString("".join([node.render_annotated(context) for node in self]))
                               ^^^^^^^^^^^^^^^^^^^^^^^^^^^^^^
  File "C:\Users\user\Documents\GitHub\comicsite\selim_site\myvenv\Lib\site-packages\django\template\base.py", line 969, in render_annotated
    return self.render(context)
           ^^^^^^^^^^^^^^^^^^^^
  File "C:\Users\user\Documents\GitHub\comicsite\selim_site\myvenv\Lib\site-packages\django\template\loader_tags.py", line 65, in render
    result = block.nodelist.render(context)
             ^^^^^^^^^^^^^^^^^^^^^^^^^^^^^^
  File "C:\Users\user\Documents\GitHub\comicsite\selim_site\myvenv\Lib\site-packages\django\template\base.py", line 1008, in render
    return SafeString("".join([node.render_annotated(context) for node in self]))
                               ^^^^^^^^^^^^^^^^^^^^^^^^^^^^^^
  File "C:\Users\user\Documents\GitHub\comicsite\selim_site\myvenv\Lib\site-packages\django\template\base.py", line 969, in render_annotated
    return self.render(context)
           ^^^^^^^^^^^^^^^^^^^^
  File "C:\Users\user\Documents\GitHub\comicsite\selim_site\myvenv\Lib\site-packages\django\template\defaulttags.py", line 243, in render
    nodelist.append(node.render_annotated(context))
                    ^^^^^^^^^^^^^^^^^^^^^^^^^^^^^^
  File "C:\Users\user\Documents\GitHub\comicsite\selim_site\myvenv\Lib\site-packages\django\template\base.py", line 969, in render_annotated
    return self.render(context)
           ^^^^^^^^^^^^^^^^^^^^
  File "C:\Users\user\Documents\GitHub\comicsite\selim_site\myvenv\Lib\site-packages\django\template\defaulttags.py", line 327, in render
    return nodelist.render(context)
           ^^^^^^^^^^^^^^^^^^^^^^^^
  File "C:\Users\user\Documents\GitHub\comicsite\selim_site\myvenv\Lib\site-packages\django\template\base.py", line 1008, in render
    return SafeString("".join([node.render_annotated(context) for node in self]))
                               ^^^^^^^^^^^^^^^^^^^^^^^^^^^^^^
  File "C:\Users\user\Documents\GitHub\comicsite\selim_site\myvenv\Lib\site-packages\django\template\base.py", line 969, in render_annotated
    return self.render(context)
           ^^^^^^^^^^^^^^^^^^^^
  File "C:\Users\user\Documents\GitHub\comicsite\selim_site\myvenv\Lib\site-packages\django\template\base.py", line 1067, in render
    output = self.filter_expression.resolve(context)
             ^^^^^^^^^^^^^^^^^^^^^^^^^^^^^^^^^^^^^^^
  File "C:\Users\user\Documents\GitHub\comicsite\selim_site\myvenv\Lib\site-packages\django\template\base.py", line 718, in resolve
    obj = self.var.resolve(context)
          ^^^^^^^^^^^^^^^^^^^^^^^^^
  File "C:\Users\user\Documents\GitHub\comicsite\selim_site\myvenv\Lib\site-packages\django\template\base.py", line 850, in resolve
    value = self._resolve_lookup(context)
            ^^^^^^^^^^^^^^^^^^^^^^^^^^^^^
  File "C:\Users\user\Documents\GitHub\comicsite\selim_site\myvenv\Lib\site-packages\django\template\base.py", line 893, in _resolve_lookup
    current = getattr(current, bit)
              ^^^^^^^^^^^^^^^^^^^^^
  File "C:\Users\user\Documents\GitHub\comicsite\selim_site\ssite\xsite\models.py", line 76, in discounted_price
    return self.price.amount * (1 - self.discount / 100)
           ~~~~~~~~~~~~~~~~~~^~~~~~~~~~~~~~~~~~~~~~~~~~~
TypeError: unsupported operand type(s) for *: 'decimal.Decimal' and 'float'
C:\Users\user\Documents\GitHub\comicsite\selim_site\ssite\xsite\models.py changed, reloading.
Watching for file changes with StatReloader
C:\Users\user\Documents\GitHub\comicsite\selim_site\ssite\xsite\models.py changed, reloading.
Watching for file changes with StatReloader
C:\Users\user\Documents\GitHub\comicsite\selim_site\ssite\xsite\models.py changed, reloading.
Watching for file changes with StatReloader
C:\Users\user\Documents\GitHub\comicsite\selim_site\ssite\xsite\models.py changed, reloading.
Watching for file changes with StatReloader
C:\Users\user\Documents\GitHub\comicsite\selim_site\ssite\xsite\models.py changed, reloading.
Watching for file changes with StatReloader
Watching for file changes with StatReloader
message='Request to Stripe api' method=post url=https://api.stripe.com/v1/checkout/sessions
api_version=2025-04-30.basil message='Post details' post_data=payment_method_types[0]=card&line_items[0][price_data][currency]=try&line_items[0][price_data][unit_amount]=10000&line_items[0][price_data][product_data][name]=%C3%BCr%C3%BCn&line_items[0][quantity]=1&line_items[1][price_data][currency]=try&line_items[1][price_data][unit_amount]=2200&line_items[1][price_data][product_data][name]=batman2&line_items[1][quantity]=1&line_items[2][price_data][currency]=try&line_items[2][price_data][unit_amount]=8000&line_items[2][price_data][product_data][name]=test&line_items[2][quantity]=1&line_items[3][price_data][currency]=try&line_items[3][price_data][unit_amount]=12000&line_items[3][price_data][product_data][name]=aaa&line_items[3][quantity]=1&line_items[4][price_data][currency]=try&line_items[4][price_data][unit_amount]=9840&line_items[4][price_data][product_data][name]=comic1&line_items[4][quantity]=1&line_items[5][price_data][currency]=try&line_items[5][price_data][unit_amount]=1000&line_items[5][price_data][product_data][name]=sat%C4%B1n+alma+deneme&line_items[5][quantity]=1&mode=payment&success_url=http%3A%2F%2F127.0.0.1%3A8000%2Fpayment%2Fsuccess%2F&cancel_url=http%3A%2F%2F127.0.0.1%3A8000%2Fcartd%2F&metadata[user_id]=11
Starting new HTTPS connection (1): api.stripe.com:443
https://api.stripe.com:443 "POST /v1/checkout/sessions HTTP/1.1" 200 2616
message='Stripe API response' path=https://api.stripe.com/v1/checkout/sessions response_code=200
body='{\n  "id": "cs_test_b1VXgC7pFqbIINQUfJgcuH2vSUgbqvCDa1BJphbjQi7Pt1GFqgfz1Rh97b",\n  "object": "checkout.session",\n  "adaptive_pricing": {\n    "enabled": true\n  },\n  "after_expiration": null,\n  "allow_promotion_codes": null,\n  "amount_subtotal": 43040,\n  "amount_total": 43040,\n  "automatic_tax": {\n    "enabled": false,\n    "liability": null,\n    "provider": null,\n    "status": null\n  },\n  "billing_address_collection": null,\n  "cancel_url": "http://127.0.0.1:8000/cartd/",\n  "client_reference_id": null,\n  "client_secret": null,\n  "collected_information": null,\n  "consent": null,\n  "consent_collection": null,\n  "created": 1747318089,\n  "currency": "try",\n  "currency_conversion": null,\n  "custom_fields": [],\n  "custom_text": {\n    "after_submit": null,\n    "shipping_address": null,\n    "submit": null,\n    "terms_of_service_acceptance": null\n  },\n  "customer": null,\n  "customer_creation": "if_required",\n  "customer_details": null,\n  "customer_email": null,\n  "discounts": [],\n  "expires_at": 1747404488,\n  "invoice": null,\n  "invoice_creation": {\n    "enabled": false,\n    "invoice_data": {\n      "account_tax_ids": null,\n      "custom_fields": null,\n      "description": null,\n      "footer": null,\n      "issuer": null,\n      "metadata": {},\n      "rendering_options": null\n    }\n  },\n  "livemode": false,\n  "locale": null,\n  "metadata": {\n    "user_id": "11"\n  },\n  "mode": "payment",\n  "payment_intent": null,\n  "payment_link": null,\n  "payment_method_collection": "if_required",\n  "payment_method_configuration_details": null,\n  "payment_method_options": {\n    "card": {\n      "request_three_d_secure": "automatic"\n    }\n  },\n  "payment_method_types": [\n    "card"\n  ],\n  "payment_status": "unpaid",\n  "permissions": null,\n  "phone_number_collection": {\n    "enabled": false\n  },\n  "recovered_from": null,\n  "saved_payment_method_options": null,\n  "setup_intent": null,\n  "shipping_address_collection": null,\n  "shipping_cost": null,\n  "shipping_options": [],\n  "status": "open",\n  "submit_type": null,\n  "subscription": null,\n  "success_url": "http://127.0.0.1:8000/payment/success/",\n  "total_details": {\n    "amount_discount": 0,\n    "amount_shipping": 0,\n    "amount_tax": 0\n  },\n  "ui_mode": "hosted",\n  "url": "https://checkout.stripe.com/c/pay/cs_test_b1VXgC7pFqbIINQUfJgcuH2vSUgbqvCDa1BJphbjQi7Pt1GFqgfz1Rh97b#fidkdWxOYHwnPyd1blpxYHZxWjA0V05BV2BATVMxRmI3dH9GMzZqbXNkMklIcVFIdWFzXTBIaT1VMnZIa2d9VGhWZGJ1XGlVY0hfNkY1dnZKbz1EUlxQaGRPQE1mPWNoQl9QbGlqa0JKf3JzNTVmTEtKPGx%2FbycpJ2N3amhWYHdzYHcnP3F3cGApJ2lkfGpwcVF8dWAnPydocGlxbFpscWBoJyknYGtkZ2lgVWlkZmBtamlhYHd2Jz9xd3BgeCUl",\n  "wallet_options": null\n}' message='API response body'
link=https://dashboard.stripe.com/test/logs/req_2wxKSBSxCmdKwu message='Dashboard link for request'
C:\Users\user\Documents\GitHub\comicsite\selim_site\ssite\xsite\models.py changed, reloading.
Watching for file changes with StatReloader
Watching for file changes with StatReloader
Internal Server Error: /admin/xsite/product/8/change/
Traceback (most recent call last):
  File "C:\Users\user\Documents\GitHub\comicsite\selim_site\myvenv\Lib\site-packages\django\db\backends\utils.py", line 105, in _execute
    return self.cursor.execute(sql, params)
           ^^^^^^^^^^^^^^^^^^^^^^^^^^^^^^^^
  File "C:\Users\user\Documents\GitHub\comicsite\selim_site\myvenv\Lib\site-packages\django\db\backends\sqlite3\base.py", line 354, in execute
    return super().execute(query, params)
           ^^^^^^^^^^^^^^^^^^^^^^^^^^^^^^
sqlite3.IntegrityError: UNIQUE constraint failed: xsite_product.slug

The above exception was the direct cause of the following exception:

Traceback (most recent call last):
  File "C:\Users\user\Documents\GitHub\comicsite\selim_site\myvenv\Lib\site-packages\django\core\handlers\exception.py", line 55, in inner
    response = get_response(request)
               ^^^^^^^^^^^^^^^^^^^^^
  File "C:\Users\user\Documents\GitHub\comicsite\selim_site\myvenv\Lib\site-packages\django\core\handlers\base.py", line 197, in _get_response
    response = wrapped_callback(request, *callback_args, **callback_kwargs)
               ^^^^^^^^^^^^^^^^^^^^^^^^^^^^^^^^^^^^^^^^^^^^^^^^^^^^^^^^^^^^
  File "C:\Users\user\Documents\GitHub\comicsite\selim_site\myvenv\Lib\site-packages\django\contrib\admin\options.py", line 718, in wrapper
    return self.admin_site.admin_view(view)(*args, **kwargs)
           ^^^^^^^^^^^^^^^^^^^^^^^^^^^^^^^^^^^^^^^^^^^^^^^^^
  File "C:\Users\user\Documents\GitHub\comicsite\selim_site\myvenv\Lib\site-packages\django\utils\decorators.py", line 188, in _view_wrapper
    result = _process_exception(request, e)
             ^^^^^^^^^^^^^^^^^^^^^^^^^^^^^^
  File "C:\Users\user\Documents\GitHub\comicsite\selim_site\myvenv\Lib\site-packages\django\utils\decorators.py", line 186, in _view_wrapper
    response = view_func(request, *args, **kwargs)
               ^^^^^^^^^^^^^^^^^^^^^^^^^^^^^^^^^^^
  File "C:\Users\user\Documents\GitHub\comicsite\selim_site\myvenv\Lib\site-packages\django\views\decorators\cache.py", line 80, in _view_wrapper
    response = view_func(request, *args, **kwargs)
               ^^^^^^^^^^^^^^^^^^^^^^^^^^^^^^^^^^^
  File "C:\Users\user\Documents\GitHub\comicsite\selim_site\myvenv\Lib\site-packages\django\contrib\admin\sites.py", line 241, in inner
    return view(request, *args, **kwargs)
           ^^^^^^^^^^^^^^^^^^^^^^^^^^^^^^
  File "C:\Users\user\Documents\GitHub\comicsite\selim_site\myvenv\Lib\site-packages\django\contrib\admin\options.py", line 1964, in change_view
    return self.changeform_view(request, object_id, form_url, extra_context)
           ^^^^^^^^^^^^^^^^^^^^^^^^^^^^^^^^^^^^^^^^^^^^^^^^^^^^^^^^^^^^^^^^^
  File "C:\Users\user\Documents\GitHub\comicsite\selim_site\myvenv\Lib\site-packages\django\utils\decorators.py", line 48, in _wrapper
    return bound_method(*args, **kwargs)
           ^^^^^^^^^^^^^^^^^^^^^^^^^^^^^
  File "C:\Users\user\Documents\GitHub\comicsite\selim_site\myvenv\Lib\site-packages\django\utils\decorators.py", line 188, in _view_wrapper
    result = _process_exception(request, e)
             ^^^^^^^^^^^^^^^^^^^^^^^^^^^^^^
  File "C:\Users\user\Documents\GitHub\comicsite\selim_site\myvenv\Lib\site-packages\django\utils\decorators.py", line 186, in _view_wrapper
    response = view_func(request, *args, **kwargs)
               ^^^^^^^^^^^^^^^^^^^^^^^^^^^^^^^^^^^
  File "C:\Users\user\Documents\GitHub\comicsite\selim_site\myvenv\Lib\site-packages\django\contrib\admin\options.py", line 1820, in changeform_view
    return self._changeform_view(request, object_id, form_url, extra_context)
           ^^^^^^^^^^^^^^^^^^^^^^^^^^^^^^^^^^^^^^^^^^^^^^^^^^^^^^^^^^^^^^^^^^
  File "C:\Users\user\Documents\GitHub\comicsite\selim_site\myvenv\Lib\site-packages\django\contrib\admin\options.py", line 1871, in _changeform_view
    self.save_model(request, new_object, form, not add)
  File "C:\Users\user\Documents\GitHub\comicsite\selim_site\myvenv\Lib\site-packages\django\contrib\admin\options.py", line 1294, in save_model
    obj.save()
  File "C:\Users\user\Documents\GitHub\comicsite\selim_site\ssite\xsite\models.py", line 68, in save
    super().save(*args, **kwargs)
  File "C:\Users\user\Documents\GitHub\comicsite\selim_site\myvenv\Lib\site-packages\django\db\models\base.py", line 891, in save
    self.save_base(
  File "C:\Users\user\Documents\GitHub\comicsite\selim_site\myvenv\Lib\site-packages\django\db\models\base.py", line 997, in save_base
    updated = self._save_table(
              ^^^^^^^^^^^^^^^^^
  File "C:\Users\user\Documents\GitHub\comicsite\selim_site\myvenv\Lib\site-packages\django\db\models\base.py", line 1129, in _save_table
    updated = self._do_update(
              ^^^^^^^^^^^^^^^^
  File "C:\Users\user\Documents\GitHub\comicsite\selim_site\myvenv\Lib\site-packages\django\db\models\base.py", line 1194, in _do_update
    return filtered._update(values) > 0
           ^^^^^^^^^^^^^^^^^^^^^^^^
  File "C:\Users\user\Documents\GitHub\comicsite\selim_site\myvenv\Lib\site-packages\django\db\models\query.py", line 1278, in _update
    return query.get_compiler(self.db).execute_sql(CURSOR)
           ^^^^^^^^^^^^^^^^^^^^^^^^^^^^^^^^^^^^^^^^^^^^^^^
  File "C:\Users\user\Documents\GitHub\comicsite\selim_site\myvenv\Lib\site-packages\django\db\models\sql\compiler.py", line 2003, in execute_sql
    cursor = super().execute_sql(result_type)
             ^^^^^^^^^^^^^^^^^^^^^^^^^^^^^^^^
  File "C:\Users\user\Documents\GitHub\comicsite\selim_site\myvenv\Lib\site-packages\django\db\models\sql\compiler.py", line 1574, in execute_sql
    cursor.execute(sql, params)
  File "C:\Users\user\Documents\GitHub\comicsite\selim_site\myvenv\Lib\site-packages\django\db\backends\utils.py", line 122, in execute
    return super().execute(sql, params)
           ^^^^^^^^^^^^^^^^^^^^^^^^^^^^
  File "C:\Users\user\Documents\GitHub\comicsite\selim_site\myvenv\Lib\site-packages\django\db\backends\utils.py", line 79, in execute
    return self._execute_with_wrappers(
           ^^^^^^^^^^^^^^^^^^^^^^^^^^^^
  File "C:\Users\user\Documents\GitHub\comicsite\selim_site\myvenv\Lib\site-packages\django\db\backends\utils.py", line 92, in _execute_with_wrappers
    return executor(sql, params, many, context)
           ^^^^^^^^^^^^^^^^^^^^^^^^^^^^^^^^^^^^
  File "C:\Users\user\Documents\GitHub\comicsite\selim_site\myvenv\Lib\site-packages\django\db\backends\utils.py", line 100, in _execute
    with self.db.wrap_database_errors:
  File "C:\Users\user\Documents\GitHub\comicsite\selim_site\myvenv\Lib\site-packages\django\db\utils.py", line 91, in __exit__
    raise dj_exc_value.with_traceback(traceback) from exc_value
  File "C:\Users\user\Documents\GitHub\comicsite\selim_site\myvenv\Lib\site-packages\django\db\backends\utils.py", line 105, in _execute
    return self.cursor.execute(sql, params)
           ^^^^^^^^^^^^^^^^^^^^^^^^^^^^^^^^
  File "C:\Users\user\Documents\GitHub\comicsite\selim_site\myvenv\Lib\site-packages\django\db\backends\sqlite3\base.py", line 354, in execute
    return super().execute(query, params)
           ^^^^^^^^^^^^^^^^^^^^^^^^^^^^^^
django.db.utils.IntegrityError: UNIQUE constraint failed: xsite_product.slug
Watching for file changes with StatReloader
message='Request to Stripe api' method=post url=https://api.stripe.com/v1/checkout/sessions
api_version=2025-04-30.basil message='Post details' post_data=payment_method_types[0]=card&line_items[0][price_data][currency]=try&line_items[0][price_data][unit_amount]=1980&line_items[0][price_data][product_data][name]=batman2&line_items[0][quantity]=1&mode=payment&success_url=http%3A%2F%2F127.0.0.1%3A8000%2Fpayment%2Fsuccess%2F&cancel_url=http%3A%2F%2F127.0.0.1%3A8000%2Fcartd%2F&metadata[user_id]=11
Starting new HTTPS connection (1): api.stripe.com:443
https://api.stripe.com:443 "POST /v1/checkout/sessions HTTP/1.1" 200 2616
message='Stripe API response' path=https://api.stripe.com/v1/checkout/sessions response_code=200
body='{\n  "id": "cs_test_a13661M7JxWjoxI68KsZmWhKu5HuHm5Ya3EcEuhaI4AxgWBbfqRmn7FcTo",\n  "object": "checkout.session",\n  "adaptive_pricing": {\n    "enabled": true\n  },\n  "after_expiration": null,\n  "allow_promotion_codes": null,\n  "amount_subtotal": 1980,\n  "amount_total": 1980,\n  "automatic_tax": {\n    "enabled": false,\n    "liability": null,\n    "provider": null,\n    "status": null\n  },\n  "billing_address_collection": null,\n  "cancel_url": "http://127.0.0.1:8000/cartd/",\n  "client_reference_id": null,\n  "client_secret": null,\n  "collected_information": null,\n  "consent": null,\n  "consent_collection": null,\n  "created": 1747318449,\n  "currency": "try",\n  "currency_conversion": null,\n  "custom_fields": [],\n  "custom_text": {\n    "after_submit": null,\n    "shipping_address": null,\n    "submit": null,\n    "terms_of_service_acceptance": null\n  },\n  "customer": null,\n  "customer_creation": "if_required",\n  "customer_details": null,\n  "customer_email": null,\n  "discounts": [],\n  "expires_at": 1747404849,\n  "invoice": null,\n  "invoice_creation": {\n    "enabled": false,\n    "invoice_data": {\n      "account_tax_ids": null,\n      "custom_fields": null,\n      "description": null,\n      "footer": null,\n      "issuer": null,\n      "metadata": {},\n      "rendering_options": null\n    }\n  },\n  "livemode": false,\n  "locale": null,\n  "metadata": {\n    "user_id": "11"\n  },\n  "mode": "payment",\n  "payment_intent": null,\n  "payment_link": null,\n  "payment_method_collection": "if_required",\n  "payment_method_configuration_details": null,\n  "payment_method_options": {\n    "card": {\n      "request_three_d_secure": "automatic"\n    }\n  },\n  "payment_method_types": [\n    "card"\n  ],\n  "payment_status": "unpaid",\n  "permissions": null,\n  "phone_number_collection": {\n    "enabled": false\n  },\n  "recovered_from": null,\n  "saved_payment_method_options": null,\n  "setup_intent": null,\n  "shipping_address_collection": null,\n  "shipping_cost": null,\n  "shipping_options": [],\n  "status": "open",\n  "submit_type": null,\n  "subscription": null,\n  "success_url": "http://127.0.0.1:8000/payment/success/",\n  "total_details": {\n    "amount_discount": 0,\n    "amount_shipping": 0,\n    "amount_tax": 0\n  },\n  "ui_mode": "hosted",\n  "url": "https://checkout.stripe.com/c/pay/cs_test_a13661M7JxWjoxI68KsZmWhKu5HuHm5Ya3EcEuhaI4AxgWBbfqRmn7FcTo#fidkdWxOYHwnPyd1blpxYHZxWjA0V05BV2BATVMxRmI3dH9GMzZqbXNkMklIcVFIdWFzXTBIaT1VMnZIa2d9VGhWZGJ1XGlVY0hfNkY1dnZKbz1EUlxQaGRPQE1mPWNoQl9QbGlqa0JKf3JzNTVmTEtKPGx%2FbycpJ2N3amhWYHdzYHcnP3F3cGApJ2lkfGpwcVF8dWAnPyd2bGtiaWBabHFgaCcpJ2BrZGdpYFVpZGZgbWppYWB3dic%2FcXdwYHgl",\n  "wallet_options": null\n}' message='API response body'
link=https://dashboard.stripe.com/test/logs/req_i2cd3xaWJluBpR message='Dashboard link for request'
C:\Users\user\Documents\GitHub\comicsite\selim_site\ssite\xsite\views.py changed, reloading.
Watching for file changes with StatReloader
C:\Users\user\Documents\GitHub\comicsite\selim_site\ssite\xsite\urls.py changed, reloading.
Watching for file changes with StatReloader
message='Request to Stripe api' method=post url=https://api.stripe.com/v1/checkout/sessions
api_version=2025-04-30.basil message='Post details' post_data=payment_method_types[0]=card&line_items[0][price_data][currency]=try&line_items[0][price_data][unit_amount]=3000&line_items[0][price_data][product_data][name]=deneme2&line_items[0][quantity]=1&mode=payment&success_url=http%3A%2F%2F127.0.0.1%3A8000%2Fpayment%2Fsuccess%2F&cancel_url=http%3A%2F%2F127.0.0.1%3A8000%2Fcartd%2F&metadata[user_id]=11
Starting new HTTPS connection (1): api.stripe.com:443
https://api.stripe.com:443 "POST /v1/checkout/sessions HTTP/1.1" 200 2616
message='Stripe API response' path=https://api.stripe.com/v1/checkout/sessions response_code=200
body='{\n  "id": "cs_test_a1xWEjqWCdvVoWpZH0WGOmjkcCKfIDn5zdd0xFldCiRrqfpiENs51sNjv8",\n  "object": "checkout.session",\n  "adaptive_pricing": {\n    "enabled": true\n  },\n  "after_expiration": null,\n  "allow_promotion_codes": null,\n  "amount_subtotal": 3000,\n  "amount_total": 3000,\n  "automatic_tax": {\n    "enabled": false,\n    "liability": null,\n    "provider": null,\n    "status": null\n  },\n  "billing_address_collection": null,\n  "cancel_url": "http://127.0.0.1:8000/cartd/",\n  "client_reference_id": null,\n  "client_secret": null,\n  "collected_information": null,\n  "consent": null,\n  "consent_collection": null,\n  "created": 1747319032,\n  "currency": "try",\n  "currency_conversion": null,\n  "custom_fields": [],\n  "custom_text": {\n    "after_submit": null,\n    "shipping_address": null,\n    "submit": null,\n    "terms_of_service_acceptance": null\n  },\n  "customer": null,\n  "customer_creation": "if_required",\n  "customer_details": null,\n  "customer_email": null,\n  "discounts": [],\n  "expires_at": 1747405432,\n  "invoice": null,\n  "invoice_creation": {\n    "enabled": false,\n    "invoice_data": {\n      "account_tax_ids": null,\n      "custom_fields": null,\n      "description": null,\n      "footer": null,\n      "issuer": null,\n      "metadata": {},\n      "rendering_options": null\n    }\n  },\n  "livemode": false,\n  "locale": null,\n  "metadata": {\n    "user_id": "11"\n  },\n  "mode": "payment",\n  "payment_intent": null,\n  "payment_link": null,\n  "payment_method_collection": "if_required",\n  "payment_method_configuration_details": null,\n  "payment_method_options": {\n    "card": {\n      "request_three_d_secure": "automatic"\n    }\n  },\n  "payment_method_types": [\n    "card"\n  ],\n  "payment_status": "unpaid",\n  "permissions": null,\n  "phone_number_collection": {\n    "enabled": false\n  },\n  "recovered_from": null,\n  "saved_payment_method_options": null,\n  "setup_intent": null,\n  "shipping_address_collection": null,\n  "shipping_cost": null,\n  "shipping_options": [],\n  "status": "open",\n  "submit_type": null,\n  "subscription": null,\n  "success_url": "http://127.0.0.1:8000/payment/success/",\n  "total_details": {\n    "amount_discount": 0,\n    "amount_shipping": 0,\n    "amount_tax": 0\n  },\n  "ui_mode": "hosted",\n  "url": "https://checkout.stripe.com/c/pay/cs_test_a1xWEjqWCdvVoWpZH0WGOmjkcCKfIDn5zdd0xFldCiRrqfpiENs51sNjv8#fidkdWxOYHwnPyd1blpxYHZxWjA0V05BV2BATVMxRmI3dH9GMzZqbXNkMklIcVFIdWFzXTBIaT1VMnZIa2d9VGhWZGJ1XGlVY0hfNkY1dnZKbz1EUlxQaGRPQE1mPWNoQl9QbGlqa0JKf3JzNTVmTEtKPGx%2FbycpJ2N3amhWYHdzYHcnP3F3cGApJ2lkfGpwcVF8dWAnPyd2bGtiaWBabHFgaCcpJ2BrZGdpYFVpZGZgbWppYWB3dic%2FcXdwYHgl",\n  "wallet_options": null\n}' message='API response body'
link=https://dashboard.stripe.com/test/logs/req_p6IE8KkSloE4fv message='Dashboard link for request'
message='Request to Stripe api' method=post url=https://api.stripe.com/v1/checkout/sessions
api_version=2025-04-30.basil message='Post details' post_data=payment_method_types[0]=card&line_items[0][price_data][currency]=try&line_items[0][price_data][unit_amount]=1000&line_items[0][price_data][product_data][name]=sat%C4%B1n+alma+deneme&line_items[0][quantity]=1&line_items[1][price_data][currency]=try&line_items[1][price_data][unit_amount]=8000&line_items[1][price_data][product_data][name]=test&line_items[1][quantity]=1&line_items[2][price_data][currency]=try&line_items[2][price_data][unit_amount]=10&line_items[2][price_data][product_data][name]=deneme&line_items[2][quantity]=1&mode=payment&success_url=http%3A%2F%2F127.0.0.1%3A8000%2Fpayment%2Fsuccess%2F&cancel_url=http%3A%2F%2F127.0.0.1%3A8000%2Fcartd%2F&metadata[user_id]=11
Starting new HTTPS connection (1): api.stripe.com:443
https://api.stripe.com:443 "POST /v1/checkout/sessions HTTP/1.1" 200 2614
message='Stripe API response' path=https://api.stripe.com/v1/checkout/sessions response_code=200
body='{\n  "id": "cs_test_b11FR00JmBlshLZu3TTTPL0Da7uui3mCK4q0qquQ5S3BA9pGXlGKz6v1aF",\n  "object": "checkout.session",\n  "adaptive_pricing": {\n    "enabled": true\n  },\n  "after_expiration": null,\n  "allow_promotion_codes": null,\n  "amount_subtotal": 9010,\n  "amount_total": 9010,\n  "automatic_tax": {\n    "enabled": false,\n    "liability": null,\n    "provider": null,\n    "status": null\n  },\n  "billing_address_collection": null,\n  "cancel_url": "http://127.0.0.1:8000/cartd/",\n  "client_reference_id": null,\n  "client_secret": null,\n  "collected_information": null,\n  "consent": null,\n  "consent_collection": null,\n  "created": 1747319112,\n  "currency": "try",\n  "currency_conversion": null,\n  "custom_fields": [],\n  "custom_text": {\n    "after_submit": null,\n    "shipping_address": null,\n    "submit": null,\n    "terms_of_service_acceptance": null\n  },\n  "customer": null,\n  "customer_creation": "if_required",\n  "customer_details": null,\n  "customer_email": null,\n  "discounts": [],\n  "expires_at": 1747405512,\n  "invoice": null,\n  "invoice_creation": {\n    "enabled": false,\n    "invoice_data": {\n      "account_tax_ids": null,\n      "custom_fields": null,\n      "description": null,\n      "footer": null,\n      "issuer": null,\n      "metadata": {},\n      "rendering_options": null\n    }\n  },\n  "livemode": false,\n  "locale": null,\n  "metadata": {\n    "user_id": "11"\n  },\n  "mode": "payment",\n  "payment_intent": null,\n  "payment_link": null,\n  "payment_method_collection": "if_required",\n  "payment_method_configuration_details": null,\n  "payment_method_options": {\n    "card": {\n      "request_three_d_secure": "automatic"\n    }\n  },\n  "payment_method_types": [\n    "card"\n  ],\n  "payment_status": "unpaid",\n  "permissions": null,\n  "phone_number_collection": {\n    "enabled": false\n  },\n  "recovered_from": null,\n  "saved_payment_method_options": null,\n  "setup_intent": null,\n  "shipping_address_collection": null,\n  "shipping_cost": null,\n  "shipping_options": [],\n  "status": "open",\n  "submit_type": null,\n  "subscription": null,\n  "success_url": "http://127.0.0.1:8000/payment/success/",\n  "total_details": {\n    "amount_discount": 0,\n    "amount_shipping": 0,\n    "amount_tax": 0\n  },\n  "ui_mode": "hosted",\n  "url": "https://checkout.stripe.com/c/pay/cs_test_b11FR00JmBlshLZu3TTTPL0Da7uui3mCK4q0qquQ5S3BA9pGXlGKz6v1aF#fidkdWxOYHwnPyd1blpxYHZxWjA0V05BV2BATVMxRmI3dH9GMzZqbXNkMklIcVFIdWFzXTBIaT1VMnZIa2d9VGhWZGJ1XGlVY0hfNkY1dnZKbz1EUlxQaGRPQE1mPWNoQl9QbGlqa0JKf3JzNTVmTEtKPGx%2FbycpJ2N3amhWYHdzYHcnP3F3cGApJ2lkfGpwcVF8dWAnPydocGlxbFpscWBoJyknYGtkZ2lgVWlkZmBtamlhYHd2Jz9xd3BgeCUl",\n  "wallet_options": null\n}' message='API response body'
link=https://dashboard.stripe.com/test/logs/req_8E7nqNn1P0ivMc message='Dashboard link for request'
Watching for file changes with StatReloader
Not Found: /favicon.ico
message='Request to Stripe api' method=post url=https://api.stripe.com/v1/checkout/sessions
api_version=2025-04-30.basil message='Post details' post_data=payment_method_types[0]=card&line_items[0][price_data][currency]=try&line_items[0][price_data][unit_amount]=800&line_items[0][price_data][product_data][name]=batman2&line_items[0][quantity]=1&mode=payment&success_url=http%3A%2F%2F127.0.0.1%3A8000%2Fpayment%2Fsuccess%2F&cancel_url=http%3A%2F%2F127.0.0.1%3A8000%2Fcartd%2F&metadata[user_id]=11
Starting new HTTPS connection (1): api.stripe.com:443
https://api.stripe.com:443 "POST /v1/checkout/sessions HTTP/1.1" 400 387
message='Stripe API response' path=https://api.stripe.com/v1/checkout/sessions response_code=400
body='{\n  "error": {\n    "code": "amount_too_small",\n    "doc_url": "https://stripe.com/docs/error-codes/amount-too-small",\n    "message": "The Checkout Session\'s total amount must convert to at least 50 cents. 8.00 TL converts to approximately $0.21.",\n    "request_log_url": "https://dashboard.stripe.com/test/logs/req_EIeqjy9sHUdRwK?t=1747376538",\n    "type": "invalid_request_error"\n  }\n}\n' message='API response body'
link=https://dashboard.stripe.com/test/logs/req_EIeqjy9sHUdRwK message='Dashboard link for request'
error_code=amount_too_small error_message="The Checkout Session's total amount must convert to at least 50 cents. 8.00 TL converts to approximately $0.21." error_param=None error_type=invalid_request_error message='Stripe v1 API error received'
Internal Server Error: /stripe-checkout/
Traceback (most recent call last):
  File "C:\Users\user\Documents\GitHub\comicsite\selim_site\myvenv\Lib\site-packages\django\core\handlers\exception.py", line 55, in inner
    response = get_response(request)
               ^^^^^^^^^^^^^^^^^^^^^
  File "C:\Users\user\Documents\GitHub\comicsite\selim_site\myvenv\Lib\site-packages\django\core\handlers\base.py", line 197, in _get_response
    response = wrapped_callback(request, *callback_args, **callback_kwargs)
               ^^^^^^^^^^^^^^^^^^^^^^^^^^^^^^^^^^^^^^^^^^^^^^^^^^^^^^^^^^^^
  File "C:\Users\user\Documents\GitHub\comicsite\selim_site\myvenv\Lib\site-packages\django\views\generic\base.py", line 104, in view
    return self.dispatch(request, *args, **kwargs)
           ^^^^^^^^^^^^^^^^^^^^^^^^^^^^^^^^^^^^^^^
  File "C:\Users\user\Documents\GitHub\comicsite\selim_site\myvenv\Lib\site-packages\django\contrib\auth\mixins.py", line 73, in dispatch
    return super().dispatch(request, *args, **kwargs)
           ^^^^^^^^^^^^^^^^^^^^^^^^^^^^^^^^^^^^^^^^^^
  File "C:\Users\user\Documents\GitHub\comicsite\selim_site\myvenv\Lib\site-packages\django\views\generic\base.py", line 143, in dispatch
    return handler(request, *args, **kwargs)
           ^^^^^^^^^^^^^^^^^^^^^^^^^^^^^^^^^
  File "C:\Users\user\Documents\GitHub\comicsite\selim_site\ssite\xsite\views.py", line 43, in post
    session = stripe.checkout.Session.create(
              ^^^^^^^^^^^^^^^^^^^^^^^^^^^^^^^
  File "C:\Users\user\Documents\GitHub\comicsite\selim_site\myvenv\Lib\site-packages\stripe\checkout\_session.py", line 4918, in create
    cls._static_request(
  File "C:\Users\user\Documents\GitHub\comicsite\selim_site\myvenv\Lib\site-packages\stripe\_api_resource.py", line 172, in _static_request
    return _APIRequestor._global_instance().request(
           ^^^^^^^^^^^^^^^^^^^^^^^^^^^^^^^^^^^^^^^^^
  File "C:\Users\user\Documents\GitHub\comicsite\selim_site\myvenv\Lib\site-packages\stripe\_api_requestor.py", line 197, in request
    resp = requestor._interpret_response(rbody, rcode, rheaders, api_mode)
           ^^^^^^^^^^^^^^^^^^^^^^^^^^^^^^^^^^^^^^^^^^^^^^^^^^^^^^^^^^^^^^^
  File "C:\Users\user\Documents\GitHub\comicsite\selim_site\myvenv\Lib\site-packages\stripe\_api_requestor.py", line 853, in _interpret_response
    self.handle_error_response(
  File "C:\Users\user\Documents\GitHub\comicsite\selim_site\myvenv\Lib\site-packages\stripe\_api_requestor.py", line 336, in handle_error_response
    raise err
stripe._error.InvalidRequestError: Request req_EIeqjy9sHUdRwK: The Checkout Session's total amount must convert to at least 50 cents. 8.00 TL converts to approximately $0.21.
message='Request to Stripe api' method=post url=https://api.stripe.com/v1/checkout/sessions
api_version=2025-04-30.basil message='Post details' post_data=payment_method_types[0]=card&line_items[0][price_data][currency]=try&line_items[0][price_data][unit_amount]=800&line_items[0][price_data][product_data][name]=batman2&line_items[0][quantity]=1&line_items[1][price_data][currency]=try&line_items[1][price_data][unit_amount]=800&line_items[1][price_data][product_data][name]=test&line_items[1][quantity]=1&line_items[2][price_data][currency]=try&line_items[2][price_data][unit_amount]=99&line_items[2][price_data][product_data][name]=qq&line_items[2][quantity]=1&line_items[3][price_data][currency]=try&line_items[3][price_data][unit_amount]=10&line_items[3][price_data][product_data][name]=deneme&line_items[3][quantity]=1&mode=payment&success_url=http%3A%2F%2F127.0.0.1%3A8000%2Fpayment%2Fsuccess%2F&cancel_url=http%3A%2F%2F127.0.0.1%3A8000%2Fcartd%2F&metadata[user_id]=11
https://api.stripe.com:443 "POST /v1/checkout/sessions HTTP/1.1" 400 388
message='Stripe API response' path=https://api.stripe.com/v1/checkout/sessions response_code=400
body='{\n  "error": {\n    "code": "amount_too_small",\n    "doc_url": "https://stripe.com/docs/error-codes/amount-too-small",\n    "message": "The Checkout Session\'s total amount must convert to at least 50 cents. 17.09 TL converts to approximately $0.44.",\n    "request_log_url": "https://dashboard.stripe.com/test/logs/req_P7vmvTzozN9pz7?t=1747376597",\n    "type": "invalid_request_error"\n  }\n}\n' message='API response body'
link=https://dashboard.stripe.com/test/logs/req_P7vmvTzozN9pz7 message='Dashboard link for request'
error_code=amount_too_small error_message="The Checkout Session's total amount must convert to at least 50 cents. 17.09 TL converts to approximately $0.44." error_param=None error_type=invalid_request_error message='Stripe v1 API error received'
Internal Server Error: /stripe-checkout/
Traceback (most recent call last):
  File "C:\Users\user\Documents\GitHub\comicsite\selim_site\myvenv\Lib\site-packages\django\core\handlers\exception.py", line 55, in inner
    response = get_response(request)
               ^^^^^^^^^^^^^^^^^^^^^
  File "C:\Users\user\Documents\GitHub\comicsite\selim_site\myvenv\Lib\site-packages\django\core\handlers\base.py", line 197, in _get_response
    response = wrapped_callback(request, *callback_args, **callback_kwargs)
               ^^^^^^^^^^^^^^^^^^^^^^^^^^^^^^^^^^^^^^^^^^^^^^^^^^^^^^^^^^^^
  File "C:\Users\user\Documents\GitHub\comicsite\selim_site\myvenv\Lib\site-packages\django\views\generic\base.py", line 104, in view
    return self.dispatch(request, *args, **kwargs)
           ^^^^^^^^^^^^^^^^^^^^^^^^^^^^^^^^^^^^^^^
  File "C:\Users\user\Documents\GitHub\comicsite\selim_site\myvenv\Lib\site-packages\django\contrib\auth\mixins.py", line 73, in dispatch
    return super().dispatch(request, *args, **kwargs)
           ^^^^^^^^^^^^^^^^^^^^^^^^^^^^^^^^^^^^^^^^^^
  File "C:\Users\user\Documents\GitHub\comicsite\selim_site\myvenv\Lib\site-packages\django\views\generic\base.py", line 143, in dispatch
    return handler(request, *args, **kwargs)
           ^^^^^^^^^^^^^^^^^^^^^^^^^^^^^^^^^
  File "C:\Users\user\Documents\GitHub\comicsite\selim_site\ssite\xsite\views.py", line 43, in post
    session = stripe.checkout.Session.create(
              ^^^^^^^^^^^^^^^^^^^^^^^^^^^^^^^
  File "C:\Users\user\Documents\GitHub\comicsite\selim_site\myvenv\Lib\site-packages\stripe\checkout\_session.py", line 4918, in create
    cls._static_request(
  File "C:\Users\user\Documents\GitHub\comicsite\selim_site\myvenv\Lib\site-packages\stripe\_api_resource.py", line 172, in _static_request
    return _APIRequestor._global_instance().request(
           ^^^^^^^^^^^^^^^^^^^^^^^^^^^^^^^^^^^^^^^^^
  File "C:\Users\user\Documents\GitHub\comicsite\selim_site\myvenv\Lib\site-packages\stripe\_api_requestor.py", line 197, in request
    resp = requestor._interpret_response(rbody, rcode, rheaders, api_mode)
           ^^^^^^^^^^^^^^^^^^^^^^^^^^^^^^^^^^^^^^^^^^^^^^^^^^^^^^^^^^^^^^^
  File "C:\Users\user\Documents\GitHub\comicsite\selim_site\myvenv\Lib\site-packages\stripe\_api_requestor.py", line 853, in _interpret_response
    self.handle_error_response(
  File "C:\Users\user\Documents\GitHub\comicsite\selim_site\myvenv\Lib\site-packages\stripe\_api_requestor.py", line 336, in handle_error_response
    raise err
stripe._error.InvalidRequestError: Request req_P7vmvTzozN9pz7: The Checkout Session's total amount must convert to at least 50 cents. 17.09 TL converts to approximately $0.44.
message='Request to Stripe api' method=post url=https://api.stripe.com/v1/checkout/sessions
api_version=2025-04-30.basil message='Post details' post_data=payment_method_types[0]=card&line_items[0][price_data][currency]=try&line_items[0][price_data][unit_amount]=800&line_items[0][price_data][product_data][name]=batman2&line_items[0][quantity]=2&line_items[1][price_data][currency]=try&line_items[1][price_data][unit_amount]=800&line_items[1][price_data][product_data][name]=test&line_items[1][quantity]=1&line_items[2][price_data][currency]=try&line_items[2][price_data][unit_amount]=99&line_items[2][price_data][product_data][name]=qq&line_items[2][quantity]=1&line_items[3][price_data][currency]=try&line_items[3][price_data][unit_amount]=10&line_items[3][price_data][product_data][name]=deneme&line_items[3][quantity]=1&mode=payment&success_url=http%3A%2F%2F127.0.0.1%3A8000%2Fpayment%2Fsuccess%2F&cancel_url=http%3A%2F%2F127.0.0.1%3A8000%2Fcartd%2F&metadata[user_id]=11
https://api.stripe.com:443 "POST /v1/checkout/sessions HTTP/1.1" 200 2614
message='Stripe API response' path=https://api.stripe.com/v1/checkout/sessions response_code=200
body='{\n  "id": "cs_test_b14SA77wlpkRB54rZHO63mKeBFghCpHYnf3Gh8YtwzdNwwJAvbdhwLERhO",\n  "object": "checkout.session",\n  "adaptive_pricing": {\n    "enabled": true\n  },\n  "after_expiration": null,\n  "allow_promotion_codes": null,\n  "amount_subtotal": 2509,\n  "amount_total": 2509,\n  "automatic_tax": {\n    "enabled": false,\n    "liability": null,\n    "provider": null,\n    "status": null\n  },\n  "billing_address_collection": null,\n  "cancel_url": "http://127.0.0.1:8000/cartd/",\n  "client_reference_id": null,\n  "client_secret": null,\n  "collected_information": null,\n  "consent": null,\n  "consent_collection": null,\n  "created": 1747376621,\n  "currency": "try",\n  "currency_conversion": null,\n  "custom_fields": [],\n  "custom_text": {\n    "after_submit": null,\n    "shipping_address": null,\n    "submit": null,\n    "terms_of_service_acceptance": null\n  },\n  "customer": null,\n  "customer_creation": "if_required",\n  "customer_details": null,\n  "customer_email": null,\n  "discounts": [],\n  "expires_at": 1747463020,\n  "invoice": null,\n  "invoice_creation": {\n    "enabled": false,\n    "invoice_data": {\n      "account_tax_ids": null,\n      "custom_fields": null,\n      "description": null,\n      "footer": null,\n      "issuer": null,\n      "metadata": {},\n      "rendering_options": null\n    }\n  },\n  "livemode": false,\n  "locale": null,\n  "metadata": {\n    "user_id": "11"\n  },\n  "mode": "payment",\n  "payment_intent": null,\n  "payment_link": null,\n  "payment_method_collection": "if_required",\n  "payment_method_configuration_details": null,\n  "payment_method_options": {\n    "card": {\n      "request_three_d_secure": "automatic"\n    }\n  },\n  "payment_method_types": [\n    "card"\n  ],\n  "payment_status": "unpaid",\n  "permissions": null,\n  "phone_number_collection": {\n    "enabled": false\n  },\n  "recovered_from": null,\n  "saved_payment_method_options": null,\n  "setup_intent": null,\n  "shipping_address_collection": null,\n  "shipping_cost": null,\n  "shipping_options": [],\n  "status": "open",\n  "submit_type": null,\n  "subscription": null,\n  "success_url": "http://127.0.0.1:8000/payment/success/",\n  "total_details": {\n    "amount_discount": 0,\n    "amount_shipping": 0,\n    "amount_tax": 0\n  },\n  "ui_mode": "hosted",\n  "url": "https://checkout.stripe.com/c/pay/cs_test_b14SA77wlpkRB54rZHO63mKeBFghCpHYnf3Gh8YtwzdNwwJAvbdhwLERhO#fidkdWxOYHwnPyd1blpxYHZxWjA0V05BV2BATVMxRmI3dH9GMzZqbXNkMklIcVFIdWFzXTBIaT1VMnZIa2d9VGhWZGJ1XGlVY0hfNkY1dnZKbz1EUlxQaGRPQE1mPWNoQl9QbGlqa0JKf3JzNTVmTEtKPGx%2FbycpJ2N3amhWYHdzYHcnP3F3cGApJ2lkfGpwcVF8dWAnPydocGlxbFpscWBoJyknYGtkZ2lgVWlkZmBtamlhYHd2Jz9xd3BgeCUl",\n  "wallet_options": null\n}' message='API response body'
link=https://dashboard.stripe.com/test/logs/req_egKfcw1s7USSmC message='Dashboard link for request'
message='Request to Stripe api' method=post url=https://api.stripe.com/v1/checkout/sessions
api_version=2025-04-30.basil message='Post details' post_data=payment_method_types[0]=card&line_items[0][price_data][currency]=try&line_items[0][price_data][unit_amount]=1980&line_items[0][price_data][product_data][name]=batman2&line_items[0][quantity]=1&line_items[1][price_data][currency]=try&line_items[1][price_data][unit_amount]=2600&line_items[1][price_data][product_data][name]=batman1&line_items[1][quantity]=1&line_items[2][price_data][currency]=try&line_items[2][price_data][unit_amount]=800&line_items[2][price_data][product_data][name]=batman2&line_items[2][quantity]=1&line_items[3][price_data][currency]=try&line_items[3][price_data][unit_amount]=3000&line_items[3][price_data][product_data][name]=deneme2&line_items[3][quantity]=1&line_items[4][price_data][currency]=try&line_items[4][price_data][unit_amount]=10&line_items[4][price_data][product_data][name]=deneme&line_items[4][quantity]=1&line_items[5][price_data][currency]=try&line_items[5][price_data][unit_amount]=1840&line_items[5][price_data][product_data][name]=comic1&line_items[5][quantity]=1&line_items[6][price_data][currency]=try&line_items[6][price_data][unit_amount]=99&line_items[6][price_data][product_data][name]=qq&line_items[6][quantity]=1&line_items[7][price_data][currency]=try&line_items[7][price_data][unit_amount]=10000&line_items[7][price_data][product_data][name]=%C3%BCr%C3%BCn&line_items[7][quantity]=1&line_items[8][price_data][currency]=try&line_items[8][price_data][unit_amount]=800&line_items[8][price_data][product_data][name]=test&line_items[8][quantity]=1&line_items[9][price_data][currency]=try&line_items[9][price_data][unit_amount]=1000&line_items[9][price_data][product_data][name]=sat%C4%B1n+alma+deneme&line_items[9][quantity]=1&mode=payment&success_url=http%3A%2F%2F127.0.0.1%3A8000%2Fpayment%2Fsuccess%2F&cancel_url=http%3A%2F%2F127.0.0.1%3A8000%2Fcartd%2F&metadata[user_id]=11
Starting new HTTPS connection (1): api.stripe.com:443
https://api.stripe.com:443 "POST /v1/checkout/sessions HTTP/1.1" 200 2616
message='Stripe API response' path=https://api.stripe.com/v1/checkout/sessions response_code=200
body='{\n  "id": "cs_test_b1ZKc2xU9YI2z3ftX2nPCtws1msmNA0TdCZe4XUugALcX0orMdcNYhCL2w",\n  "object": "checkout.session",\n  "adaptive_pricing": {\n    "enabled": true\n  },\n  "after_expiration": null,\n  "allow_promotion_codes": null,\n  "amount_subtotal": 22129,\n  "amount_total": 22129,\n  "automatic_tax": {\n    "enabled": false,\n    "liability": null,\n    "provider": null,\n    "status": null\n  },\n  "billing_address_collection": null,\n  "cancel_url": "http://127.0.0.1:8000/cartd/",\n  "client_reference_id": null,\n  "client_secret": null,\n  "collected_information": null,\n  "consent": null,\n  "consent_collection": null,\n  "created": 1747376838,\n  "currency": "try",\n  "currency_conversion": null,\n  "custom_fields": [],\n  "custom_text": {\n    "after_submit": null,\n    "shipping_address": null,\n    "submit": null,\n    "terms_of_service_acceptance": null\n  },\n  "customer": null,\n  "customer_creation": "if_required",\n  "customer_details": null,\n  "customer_email": null,\n  "discounts": [],\n  "expires_at": 1747463237,\n  "invoice": null,\n  "invoice_creation": {\n    "enabled": false,\n    "invoice_data": {\n      "account_tax_ids": null,\n      "custom_fields": null,\n      "description": null,\n      "footer": null,\n      "issuer": null,\n      "metadata": {},\n      "rendering_options": null\n    }\n  },\n  "livemode": false,\n  "locale": null,\n  "metadata": {\n    "user_id": "11"\n  },\n  "mode": "payment",\n  "payment_intent": null,\n  "payment_link": null,\n  "payment_method_collection": "if_required",\n  "payment_method_configuration_details": null,\n  "payment_method_options": {\n    "card": {\n      "request_three_d_secure": "automatic"\n    }\n  },\n  "payment_method_types": [\n    "card"\n  ],\n  "payment_status": "unpaid",\n  "permissions": null,\n  "phone_number_collection": {\n    "enabled": false\n  },\n  "recovered_from": null,\n  "saved_payment_method_options": null,\n  "setup_intent": null,\n  "shipping_address_collection": null,\n  "shipping_cost": null,\n  "shipping_options": [],\n  "status": "open",\n  "submit_type": null,\n  "subscription": null,\n  "success_url": "http://127.0.0.1:8000/payment/success/",\n  "total_details": {\n    "amount_discount": 0,\n    "amount_shipping": 0,\n    "amount_tax": 0\n  },\n  "ui_mode": "hosted",\n  "url": "https://checkout.stripe.com/c/pay/cs_test_b1ZKc2xU9YI2z3ftX2nPCtws1msmNA0TdCZe4XUugALcX0orMdcNYhCL2w#fidkdWxOYHwnPyd1blpxYHZxWjA0V05BV2BATVMxRmI3dH9GMzZqbXNkMklIcVFIdWFzXTBIaT1VMnZIa2d9VGhWZGJ1XGlVY0hfNkY1dnZKbz1EUlxQaGRPQE1mPWNoQl9QbGlqa0JKf3JzNTVmTEtKPGx%2FbycpJ2N3amhWYHdzYHcnP3F3cGApJ2lkfGpwcVF8dWAnPydocGlxbFpscWBoJyknYGtkZ2lgVWlkZmBtamlhYHd2Jz9xd3BgeCUl",\n  "wallet_options": null\n}' message='API response body'
link=https://dashboard.stripe.com/test/logs/req_lOoxGhByOZWayr message='Dashboard link for request'
C:\Users\user\Documents\GitHub\comicsite\selim_site\ssite\xsite\views.py changed, reloading.
Watching for file changes with StatReloader
C:\Users\user\Documents\GitHub\comicsite\selim_site\ssite\xsite\views.py changed, reloading.
Watching for file changes with StatReloader
C:\Users\user\Documents\GitHub\comicsite\selim_site\ssite\xsite\urls.py changed, reloading.
Watching for file changes with StatReloader
C:\Users\user\Documents\GitHub\comicsite\selim_site\ssite\xsite\views.py changed, reloading.
Watching for file changes with StatReloader
Internal Server Error: /profile/update/
Traceback (most recent call last):
  File "C:\Users\user\Documents\GitHub\comicsite\selim_site\myvenv\Lib\site-packages\django\db\backends\utils.py", line 105, in _execute
    return self.cursor.execute(sql, params)
           ^^^^^^^^^^^^^^^^^^^^^^^^^^^^^^^^
  File "C:\Users\user\Documents\GitHub\comicsite\selim_site\myvenv\Lib\site-packages\django\db\backends\sqlite3\base.py", line 354, in execute
    return super().execute(query, params)
           ^^^^^^^^^^^^^^^^^^^^^^^^^^^^^^
sqlite3.IntegrityError: UNIQUE constraint failed: auth_user.username

The above exception was the direct cause of the following exception:

Traceback (most recent call last):
  File "C:\Users\user\Documents\GitHub\comicsite\selim_site\myvenv\Lib\site-packages\django\core\handlers\exception.py", line 55, in inner
    response = get_response(request)
               ^^^^^^^^^^^^^^^^^^^^^
  File "C:\Users\user\Documents\GitHub\comicsite\selim_site\myvenv\Lib\site-packages\django\core\handlers\base.py", line 197, in _get_response
    response = wrapped_callback(request, *callback_args, **callback_kwargs)
               ^^^^^^^^^^^^^^^^^^^^^^^^^^^^^^^^^^^^^^^^^^^^^^^^^^^^^^^^^^^^
  File "C:\Users\user\Documents\GitHub\comicsite\selim_site\myvenv\Lib\site-packages\django\views\generic\base.py", line 104, in view
    return self.dispatch(request, *args, **kwargs)
           ^^^^^^^^^^^^^^^^^^^^^^^^^^^^^^^^^^^^^^^
  File "C:\Users\user\Documents\GitHub\comicsite\selim_site\myvenv\Lib\site-packages\django\contrib\auth\mixins.py", line 73, in dispatch
    return super().dispatch(request, *args, **kwargs)
           ^^^^^^^^^^^^^^^^^^^^^^^^^^^^^^^^^^^^^^^^^^
  File "C:\Users\user\Documents\GitHub\comicsite\selim_site\myvenv\Lib\site-packages\django\views\generic\base.py", line 143, in dispatch
    return handler(request, *args, **kwargs)
           ^^^^^^^^^^^^^^^^^^^^^^^^^^^^^^^^^
  File "C:\Users\user\Documents\GitHub\comicsite\selim_site\ssite\xsite\views.py", line 33, in post
    user.save()
  File "C:\Users\user\Documents\GitHub\comicsite\selim_site\myvenv\Lib\site-packages\django\contrib\auth\base_user.py", line 62, in save
    super().save(*args, **kwargs)
  File "C:\Users\user\Documents\GitHub\comicsite\selim_site\myvenv\Lib\site-packages\django\db\models\base.py", line 891, in save
    self.save_base(
  File "C:\Users\user\Documents\GitHub\comicsite\selim_site\myvenv\Lib\site-packages\django\db\models\base.py", line 997, in save_base
    updated = self._save_table(
              ^^^^^^^^^^^^^^^^^
  File "C:\Users\user\Documents\GitHub\comicsite\selim_site\myvenv\Lib\site-packages\django\db\models\base.py", line 1129, in _save_table
    updated = self._do_update(
              ^^^^^^^^^^^^^^^^
  File "C:\Users\user\Documents\GitHub\comicsite\selim_site\myvenv\Lib\site-packages\django\db\models\base.py", line 1194, in _do_update
    return filtered._update(values) > 0
           ^^^^^^^^^^^^^^^^^^^^^^^^
  File "C:\Users\user\Documents\GitHub\comicsite\selim_site\myvenv\Lib\site-packages\django\db\models\query.py", line 1278, in _update
    return query.get_compiler(self.db).execute_sql(CURSOR)
           ^^^^^^^^^^^^^^^^^^^^^^^^^^^^^^^^^^^^^^^^^^^^^^^
  File "C:\Users\user\Documents\GitHub\comicsite\selim_site\myvenv\Lib\site-packages\django\db\models\sql\compiler.py", line 2003, in execute_sql
    cursor = super().execute_sql(result_type)
             ^^^^^^^^^^^^^^^^^^^^^^^^^^^^^^^^
  File "C:\Users\user\Documents\GitHub\comicsite\selim_site\myvenv\Lib\site-packages\django\db\models\sql\compiler.py", line 1574, in execute_sql
    cursor.execute(sql, params)
  File "C:\Users\user\Documents\GitHub\comicsite\selim_site\myvenv\Lib\site-packages\django\db\backends\utils.py", line 122, in execute
    return super().execute(sql, params)
           ^^^^^^^^^^^^^^^^^^^^^^^^^^^^
  File "C:\Users\user\Documents\GitHub\comicsite\selim_site\myvenv\Lib\site-packages\django\db\backends\utils.py", line 79, in execute
    return self._execute_with_wrappers(
           ^^^^^^^^^^^^^^^^^^^^^^^^^^^^
  File "C:\Users\user\Documents\GitHub\comicsite\selim_site\myvenv\Lib\site-packages\django\db\backends\utils.py", line 92, in _execute_with_wrappers
    return executor(sql, params, many, context)
           ^^^^^^^^^^^^^^^^^^^^^^^^^^^^^^^^^^^^
  File "C:\Users\user\Documents\GitHub\comicsite\selim_site\myvenv\Lib\site-packages\django\db\backends\utils.py", line 100, in _execute
    with self.db.wrap_database_errors:
  File "C:\Users\user\Documents\GitHub\comicsite\selim_site\myvenv\Lib\site-packages\django\db\utils.py", line 91, in __exit__
    raise dj_exc_value.with_traceback(traceback) from exc_value
  File "C:\Users\user\Documents\GitHub\comicsite\selim_site\myvenv\Lib\site-packages\django\db\backends\utils.py", line 105, in _execute
    return self.cursor.execute(sql, params)
           ^^^^^^^^^^^^^^^^^^^^^^^^^^^^^^^^
  File "C:\Users\user\Documents\GitHub\comicsite\selim_site\myvenv\Lib\site-packages\django\db\backends\sqlite3\base.py", line 354, in execute
    return super().execute(query, params)
           ^^^^^^^^^^^^^^^^^^^^^^^^^^^^^^
django.db.utils.IntegrityError: UNIQUE constraint failed: auth_user.username
Watching for file changes with StatReloader
Not Found: /favicon.ico
C:\Users\user\Documents\GitHub\comicsite\selim_site\ssite\xsite\views.py changed, reloading.
Watching for file changes with StatReloader
C:\Users\user\Documents\GitHub\comicsite\selim_site\ssite\xsite\views.py changed, reloading.
Watching for file changes with StatReloader
C:\Users\user\Documents\GitHub\comicsite\selim_site\ssite\xsite\views.py changed, reloading.
Watching for file changes with StatReloader
C:\Users\user\Documents\GitHub\comicsite\selim_site\ssite\xsite\views.py changed, reloading.
Watching for file changes with StatReloader
C:\Users\user\Documents\GitHub\comicsite\selim_site\ssite\xsite\views.py changed, reloading.
Watching for file changes with StatReloader
C:\Users\user\Documents\GitHub\comicsite\selim_site\ssite\xsite\models.py changed, reloading.
Watching for file changes with StatReloader
C:\Users\user\Documents\GitHub\comicsite\selim_site\ssite\xsite\models.py changed, reloading.
Watching for file changes with StatReloader
C:\Users\user\Documents\GitHub\comicsite\selim_site\ssite\xsite\models.py changed, reloading.
Watching for file changes with StatReloader
C:\Users\user\Documents\GitHub\comicsite\selim_site\ssite\xsite\models.py changed, reloading.
Watching for file changes with StatReloader
C:\Users\user\Documents\GitHub\comicsite\selim_site\ssite\xsite\models.py changed, reloading.
Watching for file changes with StatReloader
C:\Users\user\Documents\GitHub\comicsite\selim_site\ssite\xsite\context_processors.py changed, reloading.
Watching for file changes with StatReloader
C:\Users\user\Documents\GitHub\comicsite\selim_site\ssite\ssite\settings.py changed, reloading.
Watching for file changes with StatReloader
Internal Server Error: /checkout/
Traceback (most recent call last):
  File "C:\Users\user\Documents\GitHub\comicsite\selim_site\myvenv\Lib\site-packages\django\core\handlers\exception.py", line 55, in inner
    response = get_response(request)
               ^^^^^^^^^^^^^^^^^^^^^
  File "C:\Users\user\Documents\GitHub\comicsite\selim_site\myvenv\Lib\site-packages\django\core\handlers\base.py", line 197, in _get_response
    response = wrapped_callback(request, *callback_args, **callback_kwargs)
               ^^^^^^^^^^^^^^^^^^^^^^^^^^^^^^^^^^^^^^^^^^^^^^^^^^^^^^^^^^^^
  File "C:\Users\user\Documents\GitHub\comicsite\selim_site\myvenv\Lib\site-packages\django\views\generic\base.py", line 104, in view
    return self.dispatch(request, *args, **kwargs)
           ^^^^^^^^^^^^^^^^^^^^^^^^^^^^^^^^^^^^^^^
  File "C:\Users\user\Documents\GitHub\comicsite\selim_site\myvenv\Lib\site-packages\django\views\generic\base.py", line 143, in dispatch
    return handler(request, *args, **kwargs)
           ^^^^^^^^^^^^^^^^^^^^^^^^^^^^^^^^^
  File "C:\Users\user\Documents\GitHub\comicsite\selim_site\ssite\xsite\views.py", line 161, in get
    return render(request, 'xsite/checkout.html', {'products': products})
           ^^^^^^^^^^^^^^^^^^^^^^^^^^^^^^^^^^^^^^^^^^^^^^^^^^^^^^^^^^^^^^
  File "C:\Users\user\Documents\GitHub\comicsite\selim_site\myvenv\Lib\site-packages\django\shortcuts.py", line 25, in render
    content = loader.render_to_string(template_name, context, request, using=using)
              ^^^^^^^^^^^^^^^^^^^^^^^^^^^^^^^^^^^^^^^^^^^^^^^^^^^^^^^^^^^^^^^^^^^^^
  File "C:\Users\user\Documents\GitHub\comicsite\selim_site\myvenv\Lib\site-packages\django\template\loader.py", line 62, in render_to_string
    return template.render(context, request)
           ^^^^^^^^^^^^^^^^^^^^^^^^^^^^^^^^^
  File "C:\Users\user\Documents\GitHub\comicsite\selim_site\myvenv\Lib\site-packages\django\template\backends\django.py", line 107, in render
    return self.template.render(context)
           ^^^^^^^^^^^^^^^^^^^^^^^^^^^^^
  File "C:\Users\user\Documents\GitHub\comicsite\selim_site\myvenv\Lib\site-packages\django\template\base.py", line 171, in render
    return self._render(context)
           ^^^^^^^^^^^^^^^^^^^^^
  File "C:\Users\user\Documents\GitHub\comicsite\selim_site\myvenv\Lib\site-packages\django\template\base.py", line 163, in _render
    return self.nodelist.render(context)
           ^^^^^^^^^^^^^^^^^^^^^^^^^^^^^
  File "C:\Users\user\Documents\GitHub\comicsite\selim_site\myvenv\Lib\site-packages\django\template\base.py", line 1008, in render
    return SafeString("".join([node.render_annotated(context) for node in self]))
                               ^^^^^^^^^^^^^^^^^^^^^^^^^^^^^^
  File "C:\Users\user\Documents\GitHub\comicsite\selim_site\myvenv\Lib\site-packages\django\template\base.py", line 969, in render_annotated
    return self.render(context)
           ^^^^^^^^^^^^^^^^^^^^
  File "C:\Users\user\Documents\GitHub\comicsite\selim_site\myvenv\Lib\site-packages\django\template\loader_tags.py", line 159, in render
    return compiled_parent._render(context)
           ^^^^^^^^^^^^^^^^^^^^^^^^^^^^^^^^
  File "C:\Users\user\Documents\GitHub\comicsite\selim_site\myvenv\Lib\site-packages\django\template\base.py", line 163, in _render
    return self.nodelist.render(context)
           ^^^^^^^^^^^^^^^^^^^^^^^^^^^^^
  File "C:\Users\user\Documents\GitHub\comicsite\selim_site\myvenv\Lib\site-packages\django\template\base.py", line 1008, in render
    return SafeString("".join([node.render_annotated(context) for node in self]))
                               ^^^^^^^^^^^^^^^^^^^^^^^^^^^^^^
  File "C:\Users\user\Documents\GitHub\comicsite\selim_site\myvenv\Lib\site-packages\django\template\base.py", line 969, in render_annotated
    return self.render(context)
           ^^^^^^^^^^^^^^^^^^^^
  File "C:\Users\user\Documents\GitHub\comicsite\selim_site\myvenv\Lib\site-packages\django\template\loader_tags.py", line 65, in render
    result = block.nodelist.render(context)
             ^^^^^^^^^^^^^^^^^^^^^^^^^^^^^^
  File "C:\Users\user\Documents\GitHub\comicsite\selim_site\myvenv\Lib\site-packages\django\template\base.py", line 1008, in render
    return SafeString("".join([node.render_annotated(context) for node in self]))
                               ^^^^^^^^^^^^^^^^^^^^^^^^^^^^^^
  File "C:\Users\user\Documents\GitHub\comicsite\selim_site\myvenv\Lib\site-packages\django\template\base.py", line 969, in render_annotated
    return self.render(context)
           ^^^^^^^^^^^^^^^^^^^^
  File "C:\Users\user\Documents\GitHub\comicsite\selim_site\myvenv\Lib\site-packages\django\template\defaulttags.py", line 327, in render
    return nodelist.render(context)
           ^^^^^^^^^^^^^^^^^^^^^^^^
  File "C:\Users\user\Documents\GitHub\comicsite\selim_site\myvenv\Lib\site-packages\django\template\base.py", line 1008, in render
    return SafeString("".join([node.render_annotated(context) for node in self]))
                               ^^^^^^^^^^^^^^^^^^^^^^^^^^^^^^
  File "C:\Users\user\Documents\GitHub\comicsite\selim_site\myvenv\Lib\site-packages\django\template\base.py", line 969, in render_annotated
    return self.render(context)
           ^^^^^^^^^^^^^^^^^^^^
  File "C:\Users\user\Documents\GitHub\comicsite\selim_site\myvenv\Lib\site-packages\django\template\defaulttags.py", line 243, in render
    nodelist.append(node.render_annotated(context))
                    ^^^^^^^^^^^^^^^^^^^^^^^^^^^^^^
  File "C:\Users\user\Documents\GitHub\comicsite\selim_site\myvenv\Lib\site-packages\django\template\base.py", line 969, in render_annotated
    return self.render(context)
           ^^^^^^^^^^^^^^^^^^^^
  File "C:\Users\user\Documents\GitHub\comicsite\selim_site\myvenv\Lib\site-packages\django\template\defaulttags.py", line 327, in render
    return nodelist.render(context)
           ^^^^^^^^^^^^^^^^^^^^^^^^
  File "C:\Users\user\Documents\GitHub\comicsite\selim_site\myvenv\Lib\site-packages\django\template\base.py", line 1008, in render
    return SafeString("".join([node.render_annotated(context) for node in self]))
                               ^^^^^^^^^^^^^^^^^^^^^^^^^^^^^^
  File "C:\Users\user\Documents\GitHub\comicsite\selim_site\myvenv\Lib\site-packages\django\template\base.py", line 969, in render_annotated
    return self.render(context)
           ^^^^^^^^^^^^^^^^^^^^
  File "C:\Users\user\Documents\GitHub\comicsite\selim_site\myvenv\Lib\site-packages\django\template\defaulttags.py", line 480, in render
    url = reverse(view_name, args=args, kwargs=kwargs, current_app=current_app)
          ^^^^^^^^^^^^^^^^^^^^^^^^^^^^^^^^^^^^^^^^^^^^^^^^^^^^^^^^^^^^^^^^^^^^^
  File "C:\Users\user\Documents\GitHub\comicsite\selim_site\myvenv\Lib\site-packages\django\urls\base.py", line 88, in reverse
    return resolver._reverse_with_prefix(view, prefix, *args, **kwargs)
           ^^^^^^^^^^^^^^^^^^^^^^^^^^^^^^^^^^^^^^^^^^^^^^^^^^^^^^^^^^^^
  File "C:\Users\user\Documents\GitHub\comicsite\selim_site\myvenv\Lib\site-packages\django\urls\resolvers.py", line 831, in _reverse_with_prefix
    raise NoReverseMatch(msg)
django.urls.exceptions.NoReverseMatch: Reverse for 'add_to_cart' not found. 'add_to_cart' is not a valid view function or pattern name.
message='Request to Stripe api' method=post url=https://api.stripe.com/v1/checkout/sessions
api_version=2025-04-30.basil message='Post details' post_data=payment_method_types[0]=card&line_items[0][price_data][currency]=try&line_items[0][price_data][unit_amount]=10&line_items[0][price_data][product_data][name]=deneme&line_items[0][quantity]=1&mode=payment&success_url=http%3A%2F%2F127.0.0.1%3A8000%2Fpayment%2Fsuccess%2F&cancel_url=http%3A%2F%2F127.0.0.1%3A8000%2Fcartd%2F&metadata[user_id]=11
Starting new HTTPS connection (1): api.stripe.com:443
https://api.stripe.com:443 "POST /v1/checkout/sessions HTTP/1.1" 400 387
message='Request to Stripe api' method=post url=https://api.stripe.com/v1/checkout/sessions
message='Stripe API response' path=https://api.stripe.com/v1/checkout/sessions response_code=400
api_version=2025-04-30.basil message='Post details' post_data=payment_method_types[0]=card&line_items[0][price_data][currency]=try&line_items[0][price_data][unit_amount]=10&line_items[0][price_data][product_data][name]=deneme&line_items[0][quantity]=1&mode=payment&success_url=http%3A%2F%2F127.0.0.1%3A8000%2Fpayment%2Fsuccess%2F&cancel_url=http%3A%2F%2F127.0.0.1%3A8000%2Fcartd%2F&metadata[user_id]=11
body='{\n  "error": {\n    "code": "amount_too_small",\n    "doc_url": "https://stripe.com/docs/error-codes/amount-too-small",\n    "message": "The Checkout Session\'s total amount must convert to at least 50 cents. 0.10 TL converts to approximately $0.00.",\n    "request_log_url": "https://dashboard.stripe.com/test/logs/req_tfHCDeSw7aWE12?t=1747811806",\n    "type": "invalid_request_error"\n  }\n}\n' message='API response body'
Starting new HTTPS connection (1): api.stripe.com:443
link=https://dashboard.stripe.com/test/logs/req_tfHCDeSw7aWE12 message='Dashboard link for request'
error_code=amount_too_small error_message="The Checkout Session's total amount must convert to at least 50 cents. 0.10 TL converts to approximately $0.00." error_param=None error_type=invalid_request_error message='Stripe v1 API error received'
Internal Server Error: /stripe-checkout/
Traceback (most recent call last):
  File "C:\Users\user\Documents\GitHub\comicsite\selim_site\myvenv\Lib\site-packages\django\core\handlers\exception.py", line 55, in inner
    response = get_response(request)
               ^^^^^^^^^^^^^^^^^^^^^
  File "C:\Users\user\Documents\GitHub\comicsite\selim_site\myvenv\Lib\site-packages\django\core\handlers\base.py", line 197, in _get_response
    response = wrapped_callback(request, *callback_args, **callback_kwargs)
               ^^^^^^^^^^^^^^^^^^^^^^^^^^^^^^^^^^^^^^^^^^^^^^^^^^^^^^^^^^^^
  File "C:\Users\user\Documents\GitHub\comicsite\selim_site\myvenv\Lib\site-packages\django\views\generic\base.py", line 104, in view
    return self.dispatch(request, *args, **kwargs)
           ^^^^^^^^^^^^^^^^^^^^^^^^^^^^^^^^^^^^^^^
  File "C:\Users\user\Documents\GitHub\comicsite\selim_site\myvenv\Lib\site-packages\django\contrib\auth\mixins.py", line 73, in dispatch
    return super().dispatch(request, *args, **kwargs)
           ^^^^^^^^^^^^^^^^^^^^^^^^^^^^^^^^^^^^^^^^^^
  File "C:\Users\user\Documents\GitHub\comicsite\selim_site\myvenv\Lib\site-packages\django\views\generic\base.py", line 143, in dispatch
    return handler(request, *args, **kwargs)
           ^^^^^^^^^^^^^^^^^^^^^^^^^^^^^^^^^
  File "C:\Users\user\Documents\GitHub\comicsite\selim_site\ssite\xsite\views.py", line 69, in post
    session = stripe.checkout.Session.create(
              ^^^^^^^^^^^^^^^^^^^^^^^^^^^^^^^
  File "C:\Users\user\Documents\GitHub\comicsite\selim_site\myvenv\Lib\site-packages\stripe\checkout\_session.py", line 4918, in create
    cls._static_request(
  File "C:\Users\user\Documents\GitHub\comicsite\selim_site\myvenv\Lib\site-packages\stripe\_api_resource.py", line 172, in _static_request
    return _APIRequestor._global_instance().request(
           ^^^^^^^^^^^^^^^^^^^^^^^^^^^^^^^^^^^^^^^^^
  File "C:\Users\user\Documents\GitHub\comicsite\selim_site\myvenv\Lib\site-packages\stripe\_api_requestor.py", line 197, in request
    resp = requestor._interpret_response(rbody, rcode, rheaders, api_mode)
           ^^^^^^^^^^^^^^^^^^^^^^^^^^^^^^^^^^^^^^^^^^^^^^^^^^^^^^^^^^^^^^^
  File "C:\Users\user\Documents\GitHub\comicsite\selim_site\myvenv\Lib\site-packages\stripe\_api_requestor.py", line 853, in _interpret_response
    self.handle_error_response(
  File "C:\Users\user\Documents\GitHub\comicsite\selim_site\myvenv\Lib\site-packages\stripe\_api_requestor.py", line 336, in handle_error_response
    raise err
stripe._error.InvalidRequestError: Request req_tfHCDeSw7aWE12: The Checkout Session's total amount must convert to at least 50 cents. 0.10 TL converts to approximately $0.00.
https://api.stripe.com:443 "POST /v1/checkout/sessions HTTP/1.1" 400 387
message='Stripe API response' path=https://api.stripe.com/v1/checkout/sessions response_code=400
body='{\n  "error": {\n    "code": "amount_too_small",\n    "doc_url": "https://stripe.com/docs/error-codes/amount-too-small",\n    "message": "The Checkout Session\'s total amount must convert to at least 50 cents. 0.10 TL converts to approximately $0.00.",\n    "request_log_url": "https://dashboard.stripe.com/test/logs/req_0sYz0GpmCRW48U?t=1747811807",\n    "type": "invalid_request_error"\n  }\n}\n' message='API response body'
link=https://dashboard.stripe.com/test/logs/req_0sYz0GpmCRW48U message='Dashboard link for request'
error_code=amount_too_small error_message="The Checkout Session's total amount must convert to at least 50 cents. 0.10 TL converts to approximately $0.00." error_param=None error_type=invalid_request_error message='Stripe v1 API error received'
Internal Server Error: /stripe-checkout/
Traceback (most recent call last):
  File "C:\Users\user\Documents\GitHub\comicsite\selim_site\myvenv\Lib\site-packages\django\core\handlers\exception.py", line 55, in inner
    response = get_response(request)
               ^^^^^^^^^^^^^^^^^^^^^
  File "C:\Users\user\Documents\GitHub\comicsite\selim_site\myvenv\Lib\site-packages\django\core\handlers\base.py", line 197, in _get_response
    response = wrapped_callback(request, *callback_args, **callback_kwargs)
               ^^^^^^^^^^^^^^^^^^^^^^^^^^^^^^^^^^^^^^^^^^^^^^^^^^^^^^^^^^^^
  File "C:\Users\user\Documents\GitHub\comicsite\selim_site\myvenv\Lib\site-packages\django\views\generic\base.py", line 104, in view
    return self.dispatch(request, *args, **kwargs)
           ^^^^^^^^^^^^^^^^^^^^^^^^^^^^^^^^^^^^^^^
  File "C:\Users\user\Documents\GitHub\comicsite\selim_site\myvenv\Lib\site-packages\django\contrib\auth\mixins.py", line 73, in dispatch
    return super().dispatch(request, *args, **kwargs)
           ^^^^^^^^^^^^^^^^^^^^^^^^^^^^^^^^^^^^^^^^^^
  File "C:\Users\user\Documents\GitHub\comicsite\selim_site\myvenv\Lib\site-packages\django\views\generic\base.py", line 143, in dispatch
    return handler(request, *args, **kwargs)
           ^^^^^^^^^^^^^^^^^^^^^^^^^^^^^^^^^
  File "C:\Users\user\Documents\GitHub\comicsite\selim_site\ssite\xsite\views.py", line 69, in post
    session = stripe.checkout.Session.create(
              ^^^^^^^^^^^^^^^^^^^^^^^^^^^^^^^
  File "C:\Users\user\Documents\GitHub\comicsite\selim_site\myvenv\Lib\site-packages\stripe\checkout\_session.py", line 4918, in create
    cls._static_request(
  File "C:\Users\user\Documents\GitHub\comicsite\selim_site\myvenv\Lib\site-packages\stripe\_api_resource.py", line 172, in _static_request
    return _APIRequestor._global_instance().request(
           ^^^^^^^^^^^^^^^^^^^^^^^^^^^^^^^^^^^^^^^^^
  File "C:\Users\user\Documents\GitHub\comicsite\selim_site\myvenv\Lib\site-packages\stripe\_api_requestor.py", line 197, in request
    resp = requestor._interpret_response(rbody, rcode, rheaders, api_mode)
           ^^^^^^^^^^^^^^^^^^^^^^^^^^^^^^^^^^^^^^^^^^^^^^^^^^^^^^^^^^^^^^^
  File "C:\Users\user\Documents\GitHub\comicsite\selim_site\myvenv\Lib\site-packages\stripe\_api_requestor.py", line 853, in _interpret_response
    self.handle_error_response(
  File "C:\Users\user\Documents\GitHub\comicsite\selim_site\myvenv\Lib\site-packages\stripe\_api_requestor.py", line 336, in handle_error_response
    raise err
stripe._error.InvalidRequestError: Request req_0sYz0GpmCRW48U: The Checkout Session's total amount must convert to at least 50 cents. 0.10 TL converts to approximately $0.00.
message='Request to Stripe api' method=post url=https://api.stripe.com/v1/checkout/sessions
api_version=2025-04-30.basil message='Post details' post_data=payment_method_types[0]=card&line_items[0][price_data][currency]=try&line_items[0][price_data][unit_amount]=10&line_items[0][price_data][product_data][name]=deneme&line_items[0][quantity]=1&line_items[1][price_data][currency]=try&line_items[1][price_data][unit_amount]=2600&line_items[1][price_data][product_data][name]=batman1&line_items[1][quantity]=2&mode=payment&success_url=http%3A%2F%2F127.0.0.1%3A8000%2Fpayment%2Fsuccess%2F&cancel_url=http%3A%2F%2F127.0.0.1%3A8000%2Fcartd%2F&metadata[user_id]=11
https://api.stripe.com:443 "POST /v1/checkout/sessions HTTP/1.1" 200 2614
message='Stripe API response' path=https://api.stripe.com/v1/checkout/sessions response_code=200
body='{\n  "id": "cs_test_b1E78sQwPGzLaLKzNOscQBNYtflMAfDzDzbkwmjfmYDApNA2e1iJPkble1",\n  "object": "checkout.session",\n  "adaptive_pricing": {\n    "enabled": true\n  },\n  "after_expiration": null,\n  "allow_promotion_codes": null,\n  "amount_subtotal": 5210,\n  "amount_total": 5210,\n  "automatic_tax": {\n    "enabled": false,\n    "liability": null,\n    "provider": null,\n    "status": null\n  },\n  "billing_address_collection": null,\n  "cancel_url": "http://127.0.0.1:8000/cartd/",\n  "client_reference_id": null,\n  "client_secret": null,\n  "collected_information": null,\n  "consent": null,\n  "consent_collection": null,\n  "created": 1747811822,\n  "currency": "try",\n  "currency_conversion": null,\n  "custom_fields": [],\n  "custom_text": {\n    "after_submit": null,\n    "shipping_address": null,\n    "submit": null,\n    "terms_of_service_acceptance": null\n  },\n  "customer": null,\n  "customer_creation": "if_required",\n  "customer_details": null,\n  "customer_email": null,\n  "discounts": [],\n  "expires_at": 1747898222,\n  "invoice": null,\n  "invoice_creation": {\n    "enabled": false,\n    "invoice_data": {\n      "account_tax_ids": null,\n      "custom_fields": null,\n      "description": null,\n      "footer": null,\n      "issuer": null,\n      "metadata": {},\n      "rendering_options": null\n    }\n  },\n  "livemode": false,\n  "locale": null,\n  "metadata": {\n    "user_id": "11"\n  },\n  "mode": "payment",\n  "payment_intent": null,\n  "payment_link": null,\n  "payment_method_collection": "if_required",\n  "payment_method_configuration_details": null,\n  "payment_method_options": {\n    "card": {\n      "request_three_d_secure": "automatic"\n    }\n  },\n  "payment_method_types": [\n    "card"\n  ],\n  "payment_status": "unpaid",\n  "permissions": null,\n  "phone_number_collection": {\n    "enabled": false\n  },\n  "recovered_from": null,\n  "saved_payment_method_options": null,\n  "setup_intent": null,\n  "shipping_address_collection": null,\n  "shipping_cost": null,\n  "shipping_options": [],\n  "status": "open",\n  "submit_type": null,\n  "subscription": null,\n  "success_url": "http://127.0.0.1:8000/payment/success/",\n  "total_details": {\n    "amount_discount": 0,\n    "amount_shipping": 0,\n    "amount_tax": 0\n  },\n  "ui_mode": "hosted",\n  "url": "https://checkout.stripe.com/c/pay/cs_test_b1E78sQwPGzLaLKzNOscQBNYtflMAfDzDzbkwmjfmYDApNA2e1iJPkble1#fidkdWxOYHwnPyd1blpxYHZxWjA0V05BV2BATVMxRmI3dH9GMzZqbXNkMklIcVFIdWFzXTBIaT1VMnZIa2d9VGhWZGJ1XGlVY0hfNkY1dnZKbz1EUlxQaGRPQE1mPWNoQl9QbGlqa0JKf3JzNTVmTEtKPGx%2FbycpJ2N3amhWYHdzYHcnP3F3cGApJ2lkfGpwcVF8dWAnPydocGlxbFpscWBoJyknYGtkZ2lgVWlkZmBtamlhYHd2Jz9xd3BgeCUl",\n  "wallet_options": null\n}' message='API response body'
link=https://dashboard.stripe.com/test/logs/req_XU962ghjhjoVAk message='Dashboard link for request'
message='Request to Stripe api' method=post url=https://api.stripe.com/v1/checkout/sessions
api_version=2025-04-30.basil message='Post details' post_data=payment_method_types[0]=card&line_items[0][price_data][currency]=try&line_items[0][price_data][unit_amount]=1000&line_items[0][price_data][product_data][name]=sat%C4%B1n+alma+deneme&line_items[0][quantity]=7&mode=payment&success_url=http%3A%2F%2F127.0.0.1%3A8000%2Fpayment%2Fsuccess%2F&cancel_url=http%3A%2F%2F127.0.0.1%3A8000%2Fcartd%2F&metadata[user_id]=11
Starting new HTTPS connection (1): api.stripe.com:443
https://api.stripe.com:443 "POST /v1/checkout/sessions HTTP/1.1" 200 2616
message='Stripe API response' path=https://api.stripe.com/v1/checkout/sessions response_code=200
body='{\n  "id": "cs_test_a10ZYhrMvyBkMzFXVq4wR9zD2CS3nSjsFnQvZfLpchfstvSoctfJh30scY",\n  "object": "checkout.session",\n  "adaptive_pricing": {\n    "enabled": true\n  },\n  "after_expiration": null,\n  "allow_promotion_codes": null,\n  "amount_subtotal": 7000,\n  "amount_total": 7000,\n  "automatic_tax": {\n    "enabled": false,\n    "liability": null,\n    "provider": null,\n    "status": null\n  },\n  "billing_address_collection": null,\n  "cancel_url": "http://127.0.0.1:8000/cartd/",\n  "client_reference_id": null,\n  "client_secret": null,\n  "collected_information": null,\n  "consent": null,\n  "consent_collection": null,\n  "created": 1747811899,\n  "currency": "try",\n  "currency_conversion": null,\n  "custom_fields": [],\n  "custom_text": {\n    "after_submit": null,\n    "shipping_address": null,\n    "submit": null,\n    "terms_of_service_acceptance": null\n  },\n  "customer": null,\n  "customer_creation": "if_required",\n  "customer_details": null,\n  "customer_email": null,\n  "discounts": [],\n  "expires_at": 1747898299,\n  "invoice": null,\n  "invoice_creation": {\n    "enabled": false,\n    "invoice_data": {\n      "account_tax_ids": null,\n      "custom_fields": null,\n      "description": null,\n      "footer": null,\n      "issuer": null,\n      "metadata": {},\n      "rendering_options": null\n    }\n  },\n  "livemode": false,\n  "locale": null,\n  "metadata": {\n    "user_id": "11"\n  },\n  "mode": "payment",\n  "payment_intent": null,\n  "payment_link": null,\n  "payment_method_collection": "if_required",\n  "payment_method_configuration_details": null,\n  "payment_method_options": {\n    "card": {\n      "request_three_d_secure": "automatic"\n    }\n  },\n  "payment_method_types": [\n    "card"\n  ],\n  "payment_status": "unpaid",\n  "permissions": null,\n  "phone_number_collection": {\n    "enabled": false\n  },\n  "recovered_from": null,\n  "saved_payment_method_options": null,\n  "setup_intent": null,\n  "shipping_address_collection": null,\n  "shipping_cost": null,\n  "shipping_options": [],\n  "status": "open",\n  "submit_type": null,\n  "subscription": null,\n  "success_url": "http://127.0.0.1:8000/payment/success/",\n  "total_details": {\n    "amount_discount": 0,\n    "amount_shipping": 0,\n    "amount_tax": 0\n  },\n  "ui_mode": "hosted",\n  "url": "https://checkout.stripe.com/c/pay/cs_test_a10ZYhrMvyBkMzFXVq4wR9zD2CS3nSjsFnQvZfLpchfstvSoctfJh30scY#fidkdWxOYHwnPyd1blpxYHZxWjA0V05BV2BATVMxRmI3dH9GMzZqbXNkMklIcVFIdWFzXTBIaT1VMnZIa2d9VGhWZGJ1XGlVY0hfNkY1dnZKbz1EUlxQaGRPQE1mPWNoQl9QbGlqa0JKf3JzNTVmTEtKPGx%2FbycpJ2N3amhWYHdzYHcnP3F3cGApJ2lkfGpwcVF8dWAnPyd2bGtiaWBabHFgaCcpJ2BrZGdpYFVpZGZgbWppYWB3dic%2FcXdwYHgl",\n  "wallet_options": null\n}' message='API response body'
link=https://dashboard.stripe.com/test/logs/req_EgwPoBTibSWQLD message='Dashboard link for request'
message='Request to Stripe api' method=post url=https://api.stripe.com/v1/checkout/sessions
api_version=2025-04-30.basil message='Post details' post_data=payment_method_types[0]=card&line_items[0][price_data][currency]=try&line_items[0][price_data][unit_amount]=2600&line_items[0][price_data][product_data][name]=batman1&line_items[0][quantity]=1&mode=payment&success_url=http%3A%2F%2F127.0.0.1%3A8000%2Fpayment%2Fsuccess%2F&cancel_url=http%3A%2F%2F127.0.0.1%3A8000%2Fcartd%2F&metadata[user_id]=11
Starting new HTTPS connection (1): api.stripe.com:443
https://api.stripe.com:443 "POST /v1/checkout/sessions HTTP/1.1" 200 2616
message='Stripe API response' path=https://api.stripe.com/v1/checkout/sessions response_code=200
body='{\n  "id": "cs_test_a1mXdSsdIZVIF2f6T5zuG3MqXFK3kn5YTiAiFh49QDQbdjAR7qEPWK08Iz",\n  "object": "checkout.session",\n  "adaptive_pricing": {\n    "enabled": true\n  },\n  "after_expiration": null,\n  "allow_promotion_codes": null,\n  "amount_subtotal": 2600,\n  "amount_total": 2600,\n  "automatic_tax": {\n    "enabled": false,\n    "liability": null,\n    "provider": null,\n    "status": null\n  },\n  "billing_address_collection": null,\n  "cancel_url": "http://127.0.0.1:8000/cartd/",\n  "client_reference_id": null,\n  "client_secret": null,\n  "collected_information": null,\n  "consent": null,\n  "consent_collection": null,\n  "created": 1747812233,\n  "currency": "try",\n  "currency_conversion": null,\n  "custom_fields": [],\n  "custom_text": {\n    "after_submit": null,\n    "shipping_address": null,\n    "submit": null,\n    "terms_of_service_acceptance": null\n  },\n  "customer": null,\n  "customer_creation": "if_required",\n  "customer_details": null,\n  "customer_email": null,\n  "discounts": [],\n  "expires_at": 1747898633,\n  "invoice": null,\n  "invoice_creation": {\n    "enabled": false,\n    "invoice_data": {\n      "account_tax_ids": null,\n      "custom_fields": null,\n      "description": null,\n      "footer": null,\n      "issuer": null,\n      "metadata": {},\n      "rendering_options": null\n    }\n  },\n  "livemode": false,\n  "locale": null,\n  "metadata": {\n    "user_id": "11"\n  },\n  "mode": "payment",\n  "payment_intent": null,\n  "payment_link": null,\n  "payment_method_collection": "if_required",\n  "payment_method_configuration_details": null,\n  "payment_method_options": {\n    "card": {\n      "request_three_d_secure": "automatic"\n    }\n  },\n  "payment_method_types": [\n    "card"\n  ],\n  "payment_status": "unpaid",\n  "permissions": null,\n  "phone_number_collection": {\n    "enabled": false\n  },\n  "recovered_from": null,\n  "saved_payment_method_options": null,\n  "setup_intent": null,\n  "shipping_address_collection": null,\n  "shipping_cost": null,\n  "shipping_options": [],\n  "status": "open",\n  "submit_type": null,\n  "subscription": null,\n  "success_url": "http://127.0.0.1:8000/payment/success/",\n  "total_details": {\n    "amount_discount": 0,\n    "amount_shipping": 0,\n    "amount_tax": 0\n  },\n  "ui_mode": "hosted",\n  "url": "https://checkout.stripe.com/c/pay/cs_test_a1mXdSsdIZVIF2f6T5zuG3MqXFK3kn5YTiAiFh49QDQbdjAR7qEPWK08Iz#fidkdWxOYHwnPyd1blpxYHZxWjA0V05BV2BATVMxRmI3dH9GMzZqbXNkMklIcVFIdWFzXTBIaT1VMnZIa2d9VGhWZGJ1XGlVY0hfNkY1dnZKbz1EUlxQaGRPQE1mPWNoQl9QbGlqa0JKf3JzNTVmTEtKPGx%2FbycpJ2N3amhWYHdzYHcnP3F3cGApJ2lkfGpwcVF8dWAnPyd2bGtiaWBabHFgaCcpJ2BrZGdpYFVpZGZgbWppYWB3dic%2FcXdwYHgl",\n  "wallet_options": null\n}' message='API response body'
link=https://dashboard.stripe.com/test/logs/req_hNHZhPC5y2iSez message='Dashboard link for request'
C:\Users\user\Documents\GitHub\comicsite\selim_site\ssite\xsite\views.py changed, reloading.
Watching for file changes with StatReloader
C:\Users\user\Documents\GitHub\comicsite\selim_site\ssite\xsite\views.py changed, reloading.
Watching for file changes with StatReloader
C:\Users\user\Documents\GitHub\comicsite\selim_site\ssite\xsite\urls.py changed, reloading.
Watching for file changes with StatReloader
C:\Users\user\Documents\GitHub\comicsite\selim_site\ssite\xsite\urls.py changed, reloading.
Watching for file changes with StatReloader
C:\Users\user\Documents\GitHub\comicsite\selim_site\ssite\xsite\urls.py changed, reloading.
Watching for file changes with StatReloader
C:\Users\user\Documents\GitHub\comicsite\selim_site\ssite\xsite\urls.py changed, reloading.
Watching for file changes with StatReloader
message='Request to Stripe api' method=post url=https://api.stripe.com/v1/checkout/sessions
api_version=2025-04-30.basil message='Post details' post_data=payment_method_types[0]=card&line_items[0][price_data][currency]=try&line_items[0][price_data][unit_amount]=1980&line_items[0][price_data][product_data][name]=batman2&line_items[0][quantity]=1&mode=payment&success_url=http%3A%2F%2F127.0.0.1%3A8000%2Fpayment%2Fsuccess%2F&cancel_url=http%3A%2F%2F127.0.0.1%3A8000%2Fcartd%2F&metadata[user_id]=11
Starting new HTTPS connection (1): api.stripe.com:443
https://api.stripe.com:443 "POST /v1/checkout/sessions HTTP/1.1" 200 2616
message='Stripe API response' path=https://api.stripe.com/v1/checkout/sessions response_code=200
body='{\n  "id": "cs_test_a1ZDPAOpqWLmPls6teZVprtKPfb2TES4wSlm3LPmiwvsPcnnXAsI8sf5md",\n  "object": "checkout.session",\n  "adaptive_pricing": {\n    "enabled": true\n  },\n  "after_expiration": null,\n  "allow_promotion_codes": null,\n  "amount_subtotal": 1980,\n  "amount_total": 1980,\n  "automatic_tax": {\n    "enabled": false,\n    "liability": null,\n    "provider": null,\n    "status": null\n  },\n  "billing_address_collection": null,\n  "cancel_url": "http://127.0.0.1:8000/cartd/",\n  "client_reference_id": null,\n  "client_secret": null,\n  "collected_information": null,\n  "consent": null,\n  "consent_collection": null,\n  "created": 1747821396,\n  "currency": "try",\n  "currency_conversion": null,\n  "custom_fields": [],\n  "custom_text": {\n    "after_submit": null,\n    "shipping_address": null,\n    "submit": null,\n    "terms_of_service_acceptance": null\n  },\n  "customer": null,\n  "customer_creation": "if_required",\n  "customer_details": null,\n  "customer_email": null,\n  "discounts": [],\n  "expires_at": 1747907796,\n  "invoice": null,\n  "invoice_creation": {\n    "enabled": false,\n    "invoice_data": {\n      "account_tax_ids": null,\n      "custom_fields": null,\n      "description": null,\n      "footer": null,\n      "issuer": null,\n      "metadata": {},\n      "rendering_options": null\n    }\n  },\n  "livemode": false,\n  "locale": null,\n  "metadata": {\n    "user_id": "11"\n  },\n  "mode": "payment",\n  "payment_intent": null,\n  "payment_link": null,\n  "payment_method_collection": "if_required",\n  "payment_method_configuration_details": null,\n  "payment_method_options": {\n    "card": {\n      "request_three_d_secure": "automatic"\n    }\n  },\n  "payment_method_types": [\n    "card"\n  ],\n  "payment_status": "unpaid",\n  "permissions": null,\n  "phone_number_collection": {\n    "enabled": false\n  },\n  "recovered_from": null,\n  "saved_payment_method_options": null,\n  "setup_intent": null,\n  "shipping_address_collection": null,\n  "shipping_cost": null,\n  "shipping_options": [],\n  "status": "open",\n  "submit_type": null,\n  "subscription": null,\n  "success_url": "http://127.0.0.1:8000/payment/success/",\n  "total_details": {\n    "amount_discount": 0,\n    "amount_shipping": 0,\n    "amount_tax": 0\n  },\n  "ui_mode": "hosted",\n  "url": "https://checkout.stripe.com/c/pay/cs_test_a1ZDPAOpqWLmPls6teZVprtKPfb2TES4wSlm3LPmiwvsPcnnXAsI8sf5md#fidkdWxOYHwnPyd1blpxYHZxWjA0V05BV2BATVMxRmI3dH9GMzZqbXNkMklIcVFIdWFzXTBIaT1VMnZIa2d9VGhWZGJ1XGlVY0hfNkY1dnZKbz1EUlxQaGRPQE1mPWNoQl9QbGlqa0JKf3JzNTVmTEtKPGx%2FbycpJ2N3amhWYHdzYHcnP3F3cGApJ2lkfGpwcVF8dWAnPyd2bGtiaWBabHFgaCcpJ2BrZGdpYFVpZGZgbWppYWB3dic%2FcXdwYHgl",\n  "wallet_options": null\n}' message='API response body'
link=https://dashboard.stripe.com/test/logs/req_SSlz2XNTXRWpwJ message='Dashboard link for request'
Watching for file changes with StatReloader
Not Found: /favicon.ico
Watching for file changes with StatReloader
message='Request to Stripe api' method=post url=https://api.stripe.com/v1/checkout/sessions
api_version=2025-04-30.basil message='Post details' post_data=payment_method_types[0]=card&line_items[0][price_data][currency]=try&line_items[0][price_data][unit_amount]=2600&line_items[0][price_data][product_data][name]=batman1&line_items[0][quantity]=1&mode=payment&success_url=http%3A%2F%2F127.0.0.1%3A8000%2Fpayment%2Fsuccess%2F&cancel_url=http%3A%2F%2F127.0.0.1%3A8000%2Fcartd%2F&metadata[user_id]=11
Starting new HTTPS connection (1): api.stripe.com:443
https://api.stripe.com:443 "POST /v1/checkout/sessions HTTP/1.1" 200 2616
message='Stripe API response' path=https://api.stripe.com/v1/checkout/sessions response_code=200
body='{\n  "id": "cs_test_a1vdBWgccx8Uim6uXBHXlslHHffD3IccXJSmosgOod4Q7Tk0MmI9ftKVJm",\n  "object": "checkout.session",\n  "adaptive_pricing": {\n    "enabled": true\n  },\n  "after_expiration": null,\n  "allow_promotion_codes": null,\n  "amount_subtotal": 2600,\n  "amount_total": 2600,\n  "automatic_tax": {\n    "enabled": false,\n    "liability": null,\n    "provider": null,\n    "status": null\n  },\n  "billing_address_collection": null,\n  "cancel_url": "http://127.0.0.1:8000/cartd/",\n  "client_reference_id": null,\n  "client_secret": null,\n  "collected_information": null,\n  "consent": null,\n  "consent_collection": null,\n  "created": 1747899913,\n  "currency": "try",\n  "currency_conversion": null,\n  "custom_fields": [],\n  "custom_text": {\n    "after_submit": null,\n    "shipping_address": null,\n    "submit": null,\n    "terms_of_service_acceptance": null\n  },\n  "customer": null,\n  "customer_creation": "if_required",\n  "customer_details": null,\n  "customer_email": null,\n  "discounts": [],\n  "expires_at": 1747986313,\n  "invoice": null,\n  "invoice_creation": {\n    "enabled": false,\n    "invoice_data": {\n      "account_tax_ids": null,\n      "custom_fields": null,\n      "description": null,\n      "footer": null,\n      "issuer": null,\n      "metadata": {},\n      "rendering_options": null\n    }\n  },\n  "livemode": false,\n  "locale": null,\n  "metadata": {\n    "user_id": "11"\n  },\n  "mode": "payment",\n  "payment_intent": null,\n  "payment_link": null,\n  "payment_method_collection": "if_required",\n  "payment_method_configuration_details": null,\n  "payment_method_options": {\n    "card": {\n      "request_three_d_secure": "automatic"\n    }\n  },\n  "payment_method_types": [\n    "card"\n  ],\n  "payment_status": "unpaid",\n  "permissions": null,\n  "phone_number_collection": {\n    "enabled": false\n  },\n  "recovered_from": null,\n  "saved_payment_method_options": null,\n  "setup_intent": null,\n  "shipping_address_collection": null,\n  "shipping_cost": null,\n  "shipping_options": [],\n  "status": "open",\n  "submit_type": null,\n  "subscription": null,\n  "success_url": "http://127.0.0.1:8000/payment/success/",\n  "total_details": {\n    "amount_discount": 0,\n    "amount_shipping": 0,\n    "amount_tax": 0\n  },\n  "ui_mode": "hosted",\n  "url": "https://checkout.stripe.com/c/pay/cs_test_a1vdBWgccx8Uim6uXBHXlslHHffD3IccXJSmosgOod4Q7Tk0MmI9ftKVJm#fidkdWxOYHwnPyd1blpxYHZxWjA0V05BV2BATVMxRmI3dH9GMzZqbXNkMklIcVFIdWFzXTBIaT1VMnZIa2d9VGhWZGJ1XGlVY0hfNkY1dnZKbz1EUlxQaGRPQE1mPWNoQl9QbGlqa0JKf3JzNTVmTEtKPGx%2FbycpJ2N3amhWYHdzYHcnP3F3cGApJ2lkfGpwcVF8dWAnPyd2bGtiaWBabHFgaCcpJ2BrZGdpYFVpZGZgbWppYWB3dic%2FcXdwYHgl",\n  "wallet_options": null\n}' message='API response body'
link=https://dashboard.stripe.com/test/logs/req_HmcnZPV7BxgCLn message='Dashboard link for request'
